
################################################################################
#
# This file has been generated by SpyGlass:
#     Report Name      : moresimple
#     Report Created by: xph2app102
#     Report Created on:  Thu Jun 16 13:55:09 2022
#     Working Directory: /tp/xph2app/xph2app102/projet_Numerique/git/zigbee_project_2/implem/synth/CODER
#     SpyGlass Version : 5.6.0
#     Policy Name      : SpyGlass(5.6.0)
#
#     Total Number of Generated Messages :         64
#     Number of Waived Messages          :          0
#     Number of Reported Messages        :         64
#     Number of Overlimit Messages       :          0
#
#
################################################################################

+++++++++++++++++++++++++++++++++++++++++++++++++++++++++++++++++++++++
MORESIMPLE REPORT:
############### FATAL MESSAGES ############### 
+++++++++++++++++++++++++++++++++++++++++++++++++++++++++++++++++++++++++++++++++
ID       Rule          Alias         Severity    File                                    Line    Wt      Message
======================================================================================
[0]      STX_VE_269    STX_VE_269    Syntax      ../../../rtl/CODER/msk_modulator2.sv    1       1000    Incompatible declaration, ( i_empty ) defined as input at line no < 1 >
[1]      STX_VE_269    STX_VE_269    Syntax      ../../../rtl/CODER/msk_modulator2.sv    1       1000    Incompatible declaration, ( i_data ) defined as input at line no < 1 >
[2]      STX_VE_481    STX_VE_481    Syntax      ../../../rtl/CODER/msk_modulator2.sv    29      1000    Syntax error near ( reg )
[3]      STX_VE_481    STX_VE_481    Syntax      ../../../rtl/CODER/msk_modulator2.sv    30      1000    Syntax error near ( reg )
[4]      STX_VE_481    STX_VE_481    Syntax      ../../../rtl/CODER/msk_modulator2.sv    31      1000    Syntax error near ( , )
[5]      STX_VE_481    STX_VE_481    Syntax      ../../../rtl/CODER/msk_modulator2.sv    32      1000    Syntax error near ( , )
[6]      STX_VE_479    STX_VE_479    Syntax      ../../../rtl/CODER/msk_modulator2.sv    37      1000    Syntax error near ( [ ). Please use 'set_option enableSV yes' to support SystemVerilog construct ( Multiple packed dimensions )
[7]      STX_VE_479    STX_VE_479    Syntax      ../../../rtl/CODER/msk_modulator2.sv    51      1000    Syntax error near ( [ ). Please use 'set_option enableSV yes' to support SystemVerilog construct ( Multiple packed dimensions )
[8]      STX_VE_479    STX_VE_479    Syntax      ../../../rtl/CODER/msk_modulator2.sv    67      1000    Syntax error near ( [ ). Please use 'set_option enableSV yes' to support SystemVerilog construct ( Multiple packed dimensions )
[9]      STX_VE_479    STX_VE_479    Syntax      ../../../rtl/CODER/msk_modulator2.sv    73      1000    Syntax error near ( [ ). Please use 'set_option enableSV yes' to support SystemVerilog construct ( Multiple packed dimensions )
[A]      STX_VE_606    STX_VE_606    Syntax      ../../../rtl/CODER/msk_modulator2.sv    98      1000    Identifier ( stateI ) not declared in current scope
[B]      STX_VE_606    STX_VE_606    Syntax      ../../../rtl/CODER/msk_modulator2.sv    98      1000    Identifier ( state_readyI ) not declared in current scope
[C]      STX_VE_606    STX_VE_606    Syntax      ../../../rtl/CODER/msk_modulator2.sv    99      1000    Identifier ( stateQ ) not declared in current scope
[D]      STX_VE_606    STX_VE_606    Syntax      ../../../rtl/CODER/msk_modulator2.sv    99      1000    Identifier ( state_readyQ ) not declared in current scope
[E]      STX_VE_606    STX_VE_606    Syntax      ../../../rtl/CODER/msk_modulator2.sv    121     1000    Identifier ( stateI ) not declared in current scope
[F]      STX_VE_606    STX_VE_606    Syntax      ../../../rtl/CODER/msk_modulator2.sv    121     1000    Identifier ( next_stateI ) not declared in current scope
[10]     STX_VE_606    STX_VE_606    Syntax      ../../../rtl/CODER/msk_modulator2.sv    122     1000    Identifier ( stateQ ) not declared in current scope
[11]     STX_VE_606    STX_VE_606    Syntax      ../../../rtl/CODER/msk_modulator2.sv    122     1000    Identifier ( next_stateQ ) not declared in current scope
[12]     STX_VE_606    STX_VE_606    Syntax      ../../../rtl/CODER/msk_modulator2.sv    137     1000    Identifier ( stateI ) not declared in current scope
[13]     STX_VE_606    STX_VE_606    Syntax      ../../../rtl/CODER/msk_modulator2.sv    137     1000    Identifier ( state_readyI ) not declared in current scope
[14]     STX_VE_606    STX_VE_606    Syntax      ../../../rtl/CODER/msk_modulator2.sv    140     1000    Identifier ( array_sin ) not declared in current scope
[15]     STX_VE_606    STX_VE_606    Syntax      ../../../rtl/CODER/msk_modulator2.sv    157     1000    Identifier ( stateI ) not declared in current scope
[16]     STX_VE_606    STX_VE_606    Syntax      ../../../rtl/CODER/msk_modulator2.sv    157     1000    Identifier ( state_bit_recI ) not declared in current scope
[17]     STX_VE_606    STX_VE_606    Syntax      ../../../rtl/CODER/msk_modulator2.sv    163     1000    Identifier ( array_sin_neg ) not declared in current scope
[18]     STX_VE_606    STX_VE_606    Syntax      ../../../rtl/CODER/msk_modulator2.sv    164     1000    Identifier ( array_sin_neg_four ) not declared in current scope
[19]     STX_VE_606    STX_VE_606    Syntax      ../../../rtl/CODER/msk_modulator2.sv    168     1000    Identifier ( array_sin ) not declared in current scope
[1A]     STX_VE_606    STX_VE_606    Syntax      ../../../rtl/CODER/msk_modulator2.sv    169     1000    Identifier ( array_sin_four ) not declared in current scope
[1B]     STX_VE_606    STX_VE_606    Syntax      ../../../rtl/CODER/msk_modulator2.sv    175     1000    Identifier ( array_sin_neg ) not declared in current scope
[1C]     STX_VE_606    STX_VE_606    Syntax      ../../../rtl/CODER/msk_modulator2.sv    176     1000    Identifier ( array_sin_neg_four ) not declared in current scope
[1D]     STX_VE_606    STX_VE_606    Syntax      ../../../rtl/CODER/msk_modulator2.sv    180     1000    Identifier ( array_sin ) not declared in current scope
[1E]     STX_VE_606    STX_VE_606    Syntax      ../../../rtl/CODER/msk_modulator2.sv    181     1000    Identifier ( array_sin_four ) not declared in current scope
[1F]     STX_VE_606    STX_VE_606    Syntax      ../../../rtl/CODER/msk_modulator2.sv    192     1000    Identifier ( array_sin_four ) not declared in current scope
[20]     STX_VE_606    STX_VE_606    Syntax      ../../../rtl/CODER/msk_modulator2.sv    202     1000    Identifier ( array_sin ) not declared in current scope
[21]     STX_VE_606    STX_VE_606    Syntax      ../../../rtl/CODER/msk_modulator2.sv    213     1000    Identifier ( stateQ ) not declared in current scope
[22]     STX_VE_606    STX_VE_606    Syntax      ../../../rtl/CODER/msk_modulator2.sv    213     1000    Identifier ( state_readyQ ) not declared in current scope
[23]     STX_VE_606    STX_VE_606    Syntax      ../../../rtl/CODER/msk_modulator2.sv    216     1000    Identifier ( array_sin ) not declared in current scope
[24]     STX_VE_606    STX_VE_606    Syntax      ../../../rtl/CODER/msk_modulator2.sv    233     1000    Identifier ( stateQ ) not declared in current scope
[25]     STX_VE_606    STX_VE_606    Syntax      ../../../rtl/CODER/msk_modulator2.sv    233     1000    Identifier ( state_bit_recQ ) not declared in current scope
[26]     STX_VE_606    STX_VE_606    Syntax      ../../../rtl/CODER/msk_modulator2.sv    239     1000    Identifier ( array_sin_neg ) not declared in current scope
[27]     STX_VE_606    STX_VE_606    Syntax      ../../../rtl/CODER/msk_modulator2.sv    240     1000    Identifier ( array_sin_neg_four ) not declared in current scope
[28]     STX_VE_606    STX_VE_606    Syntax      ../../../rtl/CODER/msk_modulator2.sv    244     1000    Identifier ( array_sin ) not declared in current scope
[29]     STX_VE_606    STX_VE_606    Syntax      ../../../rtl/CODER/msk_modulator2.sv    245     1000    Identifier ( array_sin_four ) not declared in current scope
[2A]     STX_VE_606    STX_VE_606    Syntax      ../../../rtl/CODER/msk_modulator2.sv    251     1000    Identifier ( array_sin_neg ) not declared in current scope
[2B]     STX_VE_606    STX_VE_606    Syntax      ../../../rtl/CODER/msk_modulator2.sv    252     1000    Identifier ( array_sin_neg_four ) not declared in current scope
[2C]     STX_VE_606    STX_VE_606    Syntax      ../../../rtl/CODER/msk_modulator2.sv    256     1000    Identifier ( array_sin ) not declared in current scope
[2D]     STX_VE_606    STX_VE_606    Syntax      ../../../rtl/CODER/msk_modulator2.sv    257     1000    Identifier ( array_sin_four ) not declared in current scope
[2E]     STX_VE_606    STX_VE_606    Syntax      ../../../rtl/CODER/msk_modulator2.sv    268     1000    Identifier ( array_sin_four ) not declared in current scope
[2F]     STX_VE_606    STX_VE_606    Syntax      ../../../rtl/CODER/msk_modulator2.sv    278     1000    Identifier ( array_sin ) not declared in current scope
[30]     STX_VE_606    STX_VE_606    Syntax      ../../../rtl/CODER/msk_modulator2.sv    296     1000    Identifier ( stateI ) not declared in current scope
[31]     STX_VE_606    STX_VE_606    Syntax      ../../../rtl/CODER/msk_modulator2.sv    297     1000    Identifier ( state_readyI ) not declared in current scope
[32]     STX_VE_606    STX_VE_606    Syntax      ../../../rtl/CODER/msk_modulator2.sv    300     1000    Identifier ( next_stateI ) not declared in current scope
[33]     STX_VE_606    STX_VE_606    Syntax      ../../../rtl/CODER/msk_modulator2.sv    300     1000    Identifier ( state_bit_recI ) not declared in current scope
[34]     STX_VE_606    STX_VE_606    Syntax      ../../../rtl/CODER/msk_modulator2.sv    302     1000    Identifier ( state_readyI ) not declared in current scope
[35]     STX_VE_606    STX_VE_606    Syntax      ../../../rtl/CODER/msk_modulator2.sv    306     1000    Identifier ( state_bit_recI ) not declared in current scope
[36]     STX_VE_606    STX_VE_606    Syntax      ../../../rtl/CODER/msk_modulator2.sv    309     1000    Identifier ( next_stateI ) not declared in current scope
[37]     STX_VE_606    STX_VE_606    Syntax      ../../../rtl/CODER/msk_modulator2.sv    309     1000    Identifier ( state_readyI ) not declared in current scope
[38]     STX_VE_606    STX_VE_606    Syntax      ../../../rtl/CODER/msk_modulator2.sv    316     1000    Identifier ( stateQ ) not declared in current scope
[39]     STX_VE_606    STX_VE_606    Syntax      ../../../rtl/CODER/msk_modulator2.sv    317     1000    Identifier ( state_readyQ ) not declared in current scope
[3A]     STX_VE_606    STX_VE_606    Syntax      ../../../rtl/CODER/msk_modulator2.sv    320     1000    Identifier ( next_stateQ ) not declared in current scope
[3B]     STX_VE_606    STX_VE_606    Syntax      ../../../rtl/CODER/msk_modulator2.sv    320     1000    Identifier ( state_bit_recQ ) not declared in current scope
[3C]     STX_VE_606    STX_VE_606    Syntax      ../../../rtl/CODER/msk_modulator2.sv    322     1000    Identifier ( state_readyQ ) not declared in current scope
[3D]     STX_VE_606    STX_VE_606    Syntax      ../../../rtl/CODER/msk_modulator2.sv    326     1000    Identifier ( state_bit_recQ ) not declared in current scope
[3E]     STX_VE_606    STX_VE_606    Syntax      ../../../rtl/CODER/msk_modulator2.sv    329     1000    Identifier ( next_stateQ ) not declared in current scope
[3F]     STX_VE_606    STX_VE_606    Syntax      ../../../rtl/CODER/msk_modulator2.sv    329     1000    Identifier ( state_readyQ ) not declared in current scope
+++++++++++++++++++++++++++++++++++++++++++++++++++++++++++++++++++++++++++++++++++++++
