
################################################################################
#
# This file has been generated by SpyGlass:
#     Report Name      : no_msg_reporting_rules
#     Report Created by: xph2app102
#     Report Created on:  Thu Jun 16 13:55:09 2022
#     Working Directory: /tp/xph2app/xph2app102/projet_Numerique/git/zigbee_project_2/implem/synth/CODER
#     SpyGlass Version : 5.6.0
#     Policy Name      : SpyGlass(5.6.0)
#
#     Total Number of Generated Messages :         64
#     Number of Waived Messages          :          0
#     Number of Reported Messages        :         64
#     Number of Overlimit Messages       :          0
#
#
################################################################################

NO VIOLATION RULE REPORT :
++++++++++++++++++++++++++++++++++++++++++++++++++++++++++++++++++++++++++++++++

Following rules did not produce any violation or waived off during spyglass run

++++++++++++++++++++++++++++++++++++++++++++++++++++++++++++++++++++++++++++++++


================================================================================
	INDEX                                   RULE-NAME
================================================================================
	1                                  ZeroSizeFile
================================================================================
