\o Program:		@(#)$CDS: libManager version 6.1.6 - CAT33 11/05/2015 10:33 (sjfql586) $
\o Sub version:		sub-version  s019 
\o Arguments:		-mpssession virtuoso10661 -mpshost cimeld39.cime.inpg.fr 
\o Working Directory:	cimeld39.cime.inpg.fr:/tp/xph2app/xph2app101/Documents/PROJET_ZIGBEE_2A_MT_2022/zigbee_project_2/implem/pnr/CDS_axel
\o 64-bit offsets
\o Qt version: 		4.7.2
\o Log file is "/tp/xph2app/xph2app101/Documents/PROJET_ZIGBEE_2A_MT_2022/zigbee_project_2/implem/pnr/CDS_axel/libManager.log".
\o Opening libManager window.
\a nrSetCurrentWindow(cdsLibManager)
\a nrResizeWindow(cdsLibManager list(0 25 1916 1000))
\o changeWorkingDir("/tp/xph2app/xph2app101/Documents/PROJET_ZIGBEE_2A_MT_2022/zigbee_project_2/implem/pnr/CDS_axel") unnecessary.
\o ddSetForcedLib("") unnecessary.
\o MPS service: map window
\o Library Manager customization server connected.
\a nrSetCurrentWindow(cdsLibManager)
\a nrSetCurrentWindow(cdsLibManager)
\a cdsLibManager->libListBox->value = "test_drc"
\a cdsLibManager->libLineEdit->value = "test_drc"
\a cdsLibManager->cellListBox->value = "top_io"
\a cdsLibManager->viewListBox->value = "layout"
\a cdsLibManager->viewLineEdit->value = "layout"
\a nrListItemAction(cdsLibManager->cellListBox 0 0)
\a cdsLibManager->viewLineEdit->value = ""
\a cdsLibManager->viewListBox->value = nil
\o MPS request: edit design
\a cdsLibManager->cellLineEdit->value = "top_io"
\a nrSetCurrentWindow(cdsLibManager)
\a nrSetCurrentWindow(cdsLibManager)
\a cdsLibManager->libListBox->value = nil
\a cdsLibManager->cellListBox->value = nil
\a cdsLibManager->libLineEdit->value = ""
\a cdsLibManager->libListBox->value = "test_drc"
\a cdsLibManager->libLineEdit->value = "test_drc"
\a cdsLibManager->cellListBox->value = "top_io"
\a cdsLibManager->viewListBox->value = "layout"
\a cdsLibManager->viewLineEdit->value = "layout"
\a cdsLibManager->viewLineEdit->value = ""
\a cdsLibManager->viewListBox->value = nil
\a cdsLibManager->viewListBox->value = "layout"
\a cdsLibManager->viewLineEdit->value = "layout"
\a cdsLibManager->cellLineEdit->value = "top_io"
\a nrSetCurrentWindow(cdsLibManager)
\a _lmgrCloseIconify("cdsLibManager" 1)
\a nrSetCurrentWindow(cdsLibManager)
\a _lmgrCloseIconify("cdsLibManager" 1)
\a nrSetCurrentWindow(cdsLibManager)
\a _lmgrCloseIconify("cdsLibManager" 1)
\a nrSetCurrentWindow(cdsLibManager)
\a nrSetCurrentWindow(cdsLibManager)
\o MPS service: shutdown
\o libManager is exiting.
\a nrSetWindowVisibility(cdsLibManager "hide")
\a exit(0)
