read_file: info: using default project `spyglass-1.prj'
../../../rtl/CODER/msk_modulator2.svcurrent_goal: info: loading goal `Design_Read' (in progress)
current_goal: info: finished loading goal `Design_Read' (ok)

INFO:    SpyGlass will run goal(s) 'Design_Read'.


RULE-CHECKING IN MIXED MODE
Loading spyglass (5.6.0) ... (picked from /softl3/spyglass5_6_0/SpyGlass-5.6.0/SPYGLASS_HOME/policies/spyglass)

INFO [6]    Work Directory `./spyglass-1/WORK' does not exist.

INFO [75]    Creating the Work Directory `./spyglass-1/WORK/64' for 64bit  precompiled dump.
Checking Rule ZeroSizeFile (Rule 1 of total 98) .... done (Time = 0.00s, Memory = 0.0K)
Checking Rule PrecompileLibCheck01 (Rule 2 of total 98) .... done (Time = 0.00s, Memory = -1.2K)
Checking Rule PrecompileLibCheck02 (Rule 3 of total 98) .... done (Time = 0.00s, Memory = 0.0K)
Checking Rule PrecompileLibCheck03 (Rule 4 of total 98) .... done (Time = 0.00s, Memory = 0.0K)
Checking Rule PrecompileLibCheck04 (Rule 5 of total 98) .... done (Time = 0.00s, Memory = 0.0K)
Checking Rule SGDC_assume_path01 (Rule 6 of total 98) .... done (Time = 0.00s, Memory = 0.0K)
Checking Rule SGDC_sdcschema02 (Rule 7 of total 98) .... done (Time = 0.00s, Memory = 33.3K)
Checking Rule SGDC_clock05 (Rule 8 of total 98) .... done (Time = 0.00s, Memory = -2.2K)
Checking Rule SGDC_clock09 (Rule 9 of total 98) .... done (Time = 0.00s, Memory = 3.6K)
Checking Rule SGDC_force_ta05 (Rule 10 of total 98) .... done (Time = 0.00s, Memory = -1.0K)
Checking Rule SGDC_require_path03 (Rule 11 of total 98) .... done (Time = 0.00s, Memory = 0.0K)
Checking Rule SGDC_require_value03 (Rule 12 of total 98) .... done (Time = 0.00s, Memory = 32.0K)
Checking Rule SGDC_voltagedomain05 (Rule 13 of total 98) .... done (Time = 0.00s, Memory = 0.0K)
Checking Rule SGDC_voltagedomain06 (Rule 14 of total 98) .... done (Time = 0.00s, Memory = 0.0K)
Checking Rule SGDC_voltagedomain07 (Rule 15 of total 98) .... done (Time = 0.00s, Memory = 17.0K)
Checking Rule SGDC_powerdomainoutputs02 (Rule 16 of total 98) .... done (Time = 0.00s, Memory = 0.0K)
Checking Rule SGDC_supply01 (Rule 17 of total 98) .... done (Time = 0.00s, Memory = -8.0K)
Checking Rule SGDC_waive01 (Rule 18 of total 98) .... done (Time = 0.00s, Memory = 0.0K)
Checking Rule SGDC_waive02 (Rule 19 of total 98) .... done (Time = 0.00s, Memory = 0.0K)
Checking Rule SGDC_waive03 (Rule 20 of total 98) .... done (Time = 0.00s, Memory = 0.0K)
Checking Rule SGDC_waive04 (Rule 21 of total 98) .... done (Time = 0.00s, Memory = 0.0K)
Checking Rule SGDC_waive05 (Rule 22 of total 98) .... done (Time = 0.00s, Memory = 0.0K)
Checking Rule SGDC_waive06 (Rule 23 of total 98) .... done (Time = 0.00s, Memory = 0.0K)
Checking Rule SGDC_waive07 (Rule 24 of total 98) .... done (Time = 0.00s, Memory = -0.4K)
Checking Rule SGDC_waive08 (Rule 25 of total 98) .... done (Time = 0.00s, Memory = -0.2K)
Checking Rule SGDC_waive09 (Rule 26 of total 98) .... done (Time = 0.00s, Memory = 0.0K)
Checking Rule SGDC_waive10 (Rule 27 of total 98) .... done (Time = 0.00s, Memory = 0.0K)
Checking Rule SGDC_waive11 (Rule 28 of total 98) .... done (Time = 0.00s, Memory = 0.0K)
Checking Rule SGDC_waive12 (Rule 29 of total 98) .... done (Time = 0.00s, Memory = 0.0K)
Checking Rule SGDC_waive13 (Rule 30 of total 98) .... done (Time = 0.00s, Memory = 0.0K)
Checking Rule SGDC_waive21 (Rule 31 of total 98) .... done (Time = 0.00s, Memory = 0.0K)
Checking Rule SGDC_waive22 (Rule 32 of total 98) .... done (Time = 0.00s, Memory = 0.0K)
Checking Rule SGDC_waive30 (Rule 33 of total 98) .... done (Time = 0.00s, Memory = 0.0K)
Checking Rule SGDC_waive32 (Rule 34 of total 98) .... done (Time = 0.00s, Memory = 0.0K)
Checking Rule SGDC_waive33 (Rule 35 of total 98) .... done (Time = 0.00s, Memory = 0.0K)
Checking Rule SGDC_waive36 (Rule 36 of total 98) .... done (Time = 0.00s, Memory = 0.0K)
Checking Rule SGDC_waive38 (Rule 37 of total 98) .... done (Time = 0.00s, Memory = 0.0K)
Checking Rule SGDC_fifo01 (Rule 38 of total 98) .... done (Time = 0.00s, Memory = 1.6K)
Checking Rule SGDC_libgroup01 (Rule 39 of total 98) .... done (Time = 0.00s, Memory = 0.0K)
Checking Rule SGDC_libgroup02 (Rule 40 of total 98) .... done (Time = 0.00s, Memory = 0.0K)
Checking Rule SGDC_libgroup04 (Rule 41 of total 98) .... done (Time = 0.00s, Memory = 0.0K)
Checking Rule SGDC_power_data01 (Rule 42 of total 98) .... done (Time = 0.00s, Memory = 15.0K)
Checking Rule SGDC_ungroup01 (Rule 43 of total 98) .... done (Time = 0.00s, Memory = 0.0K)
Checking Rule SGDC_abstract_port06 (Rule 44 of total 98) .... done (Time = 0.00s, Memory = 16.6K)
Checking Rule SGDC_abstract_port14 (Rule 45 of total 98) .... done (Time = 0.00s, Memory = 0.0K)
Checking Rule SGDC_abstract_port15 (Rule 46 of total 98) .... done (Time = 0.00s, Memory = 32.8K)
Checking Rule SGDC_abstract_port18 (Rule 47 of total 98) .... done (Time = 0.00s, Memory = 0.0K)
Checking Rule sdc_init_rule (Rule 48 of total 98) .... done (Time = 0.00s, Memory = 80.6K)
Checking Rule CMD_ignorelibs01 (Rule 49 of total 98) .... done (Time = 0.00s, Memory = 0.0K)
Checking Rule ReportRuleNotRun (Rule 50 of total 98) .... done (Time = 0.00s, Memory = 0.0K)
Checking Rule ReportStopSummary (Rule 51 of total 98) .... done (Time = 0.00s, Memory = 0.0K)
Checking Rule ReportIgnoreSummary (Rule 52 of total 98) .... done (Time = 0.00s, Memory = 0.0K)
 Analyzing source file "../../../rtl/CODER/msk_modulator2.sv" ....
***Syntax Errors detected - RULE CHECKING ABORTED***
Checking Rule ReportCheckDataSummary (Rule 53 of total 98) .... done (Time = 0.00s, Memory = 0.0K)

SpyGlass Rule Checking ABORTED.

Generating data for Console...

Generating moresimple report from './spyglass-1/Design_Read/spyglass.vdb' to './spyglass-1/Design_Read/spyglass_reports/moresimple.rpt' ....

Generating runsummary report from './spyglass-1/Design_Read/spyglass.vdb' ....

Generating no_msg_reporting_rules report from './spyglass-1/Design_Read/spyglass.vdb' to './spyglass-1/Design_Read/spyglass_reports/no_msg_reporting_rules.rpt' ....

Policy specific data (reports) are present in the directory './spyglass-1/Design_Read/spyglass_reports'.

SpyGlass critical reports for the current run are present in directory './spyglass-1/consolidated_reports/Design_Read/'.

---------------------------------------------------------------------------------------------
Results Summary:
---------------------------------------------------------------------------------------------
   Goal Run           :      Design_Read
** Design Read        :     64 fatals,     0 error,        0 warning,      0 information message 
   -------------------------------------------------------------------------------------
** Total              :     64 fatals,     0 error,        0 warning,      0 information message 

  Total Number of Generated Messages     :        64 (64 fatals, 0 error, 0 warning, 0 Info)
  Number of Reported Messages            :        64 (64 fatals, 0 error, 0 warning, 0 Info)

  NOTE: It is recommended to first fix/reconcile fatals/errors reported on
        lines starting with ** as subsequent issues might be related to it.
        Please re-run SpyGlass once ** prefixed lines are fatal/error clean.

---------------------------------------------------------------------------------------------

First 10 FATAL message(s) generated in current run are -

Rule         Severity   File                                   Line   Message
-------------------------------------------------------------------------
STX_VE_269   Syntax     ../../../rtl/CODER/msk_modulator2.sv   1      Incompatible declaration, ( i_empty ) defined as input at line no < 1 >
STX_VE_269   Syntax     ../../../rtl/CODER/msk_modulator2.sv   1      Incompatible declaration, ( i_data ) defined as input at line no < 1 >
STX_VE_481   Syntax     ../../../rtl/CODER/msk_modulator2.sv   29     Syntax error near ( reg )
STX_VE_481   Syntax     ../../../rtl/CODER/msk_modulator2.sv   30     Syntax error near ( reg )
STX_VE_481   Syntax     ../../../rtl/CODER/msk_modulator2.sv   31     Syntax error near ( , )
STX_VE_481   Syntax     ../../../rtl/CODER/msk_modulator2.sv   32     Syntax error near ( , )
STX_VE_479   Syntax     ../../../rtl/CODER/msk_modulator2.sv   37     Syntax error near ( [ ). Please use 'set_option enableSV yes' to support SystemVerilog construct ( Multiple packed dimensions )
STX_VE_479   Syntax     ../../../rtl/CODER/msk_modulator2.sv   51     Syntax error near ( [ ). Please use 'set_option enableSV yes' to support SystemVerilog construct ( Multiple packed dimensions )
STX_VE_479   Syntax     ../../../rtl/CODER/msk_modulator2.sv   67     Syntax error near ( [ ). Please use 'set_option enableSV yes' to support SystemVerilog construct ( Multiple packed dimensions )
STX_VE_479   Syntax     ../../../rtl/CODER/msk_modulator2.sv   73     Syntax error near ( [ ). Please use 'set_option enableSV yes' to support SystemVerilog construct ( Multiple packed dimensions )

Please refer ./spyglass-1/Design_Read/spyglass_reports directory for SpyGlass reports, or use SpyGlass GUI to see all FATAL messages.
run_goal: info: updating spyglass.log with goal summary
---------------------------------------------------------------------------------------------------
Results Summary:
---------------------------------------------------------------------------------------------------
   Goal Run           :      Design_Read
   Top Module         :      
---------------------------------------------------------------------------------------------------
   Reports Directory: 
   /tp/xph2app/xph2app102/projet_Numerique/git/zigbee_project_2/implem/synth/CODER/spyglass-1/consolidated_reports/Design_Read/ 

   SpyGlass LogFile: 
    /tp/xph2app/xph2app102/projet_Numerique/git/zigbee_project_2/implem/synth/CODER/spyglass-1/Design_Read/spyglass.log 

   Standard Reports: 
     moresimple.rpt          no_msg_reporting_rules.rpt       

   HTML report:
    /tp/xph2app/xph2app102/projet_Numerique/git/zigbee_project_2/implem/synth/CODER/spyglass-1/html_reports/goals_summary.html
  

   Technology Reports:  
     <Not Available>
   
   
---------------------------------------------------------------------------------------------------
   Goal Violation Summary:
       Waived   Messages:                      0 Errors,      0 Warnings,      0 Infos
       Reported Messages:        64 Fatals,    0 Errors,      0 Warnings,      0 Infos
---------------------------------------------------------------------------------------------------
   
---------------------------------------------------------------------------------------------------
 
run_goal: info: spyglass.log successfully updated with goal summary
6 {Rule-checking terminated due to FATAL errors - design syntax error}