\o Program:		@(#)$CDS: libManager version 6.1.6 - CAT33 11/05/2015 10:33 (sjfql586) $
\o Sub version:		sub-version  s019 
\o Arguments:		-mpssession virtuoso8325 -mpshost cimeld40.cime.inpg.fr 
\o Working Directory:	cimeld40.cime.inpg.fr:/tp/xph2app/xph2app102/projet_Numerique/git/zigbee_project_2/implem/pnr/CDS_bruno
\o 64-bit offsets
\o Qt version: 		4.7.2
\o Log file is "/tp/xph2app/xph2app102/projet_Numerique/git/zigbee_project_2/implem/pnr/CDS_bruno/libManager.log".
\o Opening libManager window.
\a nrSetCurrentWindow(cdsLibManager)
\a nrResizeWindow(cdsLibManager list(237 77 1550 820))
\o changeWorkingDir("/tp/xph2app/xph2app102/projet_Numerique/git/zigbee_project_2/implem/pnr/CDS_bruno") unnecessary.
\o ddSetForcedLib("") unnecessary.
\o MPS service: map window
\o Library Manager customization server connected.
\a nrSetCurrentWindow(cdsLibManager)
\a nrSetCurrentWindow(cdsLibManager)
\a cdsLibManager->libListBox->value = "test_drc_top_bruno"
\a cdsLibManager->libLineEdit->value = "test_drc_top_bruno"
\a cdsLibManager->cellListBox->value = "top_io"
\a cdsLibManager->viewListBox->value = "layout"
\a cdsLibManager->viewLineEdit->value = "layout"
\a nrListItemAction(cdsLibManager->cellListBox 0 0)
\a cdsLibManager->viewLineEdit->value = ""
\a cdsLibManager->viewListBox->value = nil
\o MPS request: edit design
\a cdsLibManager->cellLineEdit->value = "top_io"
\a nrSetCurrentWindow(cdsLibManager)
\a nrSetCurrentWindow(cdsLibManager)
\a nrSetCurrentWindow(cdsLibManager)
\a nrSetCurrentWindow(cdsLibManager)
\a nrSetCurrentWindow(cdsLibManager)
\a nrSetCurrentWindow(cdsLibManager)
\o MPS service: shutdown
\o libManager is exiting.
\a nrSetWindowVisibility(cdsLibManager "hide")
\a exit(0)
