\o Program:		@(#)$CDS: libManager version 6.1.8 - CAT37 06/02/2021 23:23 (sjfdcl1073) $
\o Sub version:		sub-version  s195 
\o Arguments:		-mpssession virtuoso32307 -mpshost cimeld105 
\o Working Directory:	cimeld105:/tp/xph2app/xph2app102/projet_Numerique/git/zigbee_project_2/implem/CDS
\o 64-bit offsets
\o Qt version: 		5.9.1
\o Log file is "/tp/xph2app/xph2app102/projet_Numerique/git/zigbee_project_2/implem/CDS/libManager.log".
\o Opening libManager window.
\a nrSetCurrentWindow(cdsLibManager)
\a nrResizeWindow(cdsLibManager list(14 75 1550 820))
\o changeWorkingDir("/tp/xph2app/xph2app102/projet_Numerique/git/zigbee_project_2/implem/CDS") unnecessary.
\o ddSetForcedLib("") unnecessary.
\o MPS service: map window
\w Warning: The directory: '/tp/xph2app/xph2app102/projet_Numerique/git/zigbee_project/implem/CDS/test_drc' does not exist
\w 	but was defined in libFile '/tp/xph2app/xph2app102/projet_Numerique/git/zigbee_project_2/implem/CDS/cds.lib' for Lib 'test_drc'.
\w Warning: The directory: '/tp/xph2app/xph2app102/projet_Numerique/git/zigbee_project/implem/CDS/drc_test_lib' does not exist
\w 	but was defined in libFile '/tp/xph2app/xph2app102/projet_Numerique/git/zigbee_project_2/implem/CDS/cds.lib' for Lib 'drc_test_lib'.
\w Warning: The directory: '/tp/xph2app/xph2app102/projet_Numerique/git/zigbee_project/implem/CDS/MSK_Mod' does not exist
\w 	but was defined in libFile '/tp/xph2app/xph2app102/projet_Numerique/git/zigbee_project_2/implem/CDS/cds.lib' for Lib 'MSK_Mod'.
\o Library Manager customization server connected.
\a nrSetCurrentWindow(cdsLibManager)
\o MPS service: shutdown
\o libManager is exiting.
\a exit(0)
