################################################################################
#
# This file has been generated by SpyGlass:
#     Report Created by: xph2app102
#     Report Created on: Thu Jun 16 14:04:48 2022
#     Working Directory: /tp/xph2app/xph2app102/projet_Numerique/git/zigbee_project_2/rtl/CODER
#     Report Location  : ./spyglass-1/Design_Read/spyglass_reports/SpyGlass/elab_summary.rpt
#     SpyGlass Version : 5.6.0
#     Policy Name      : SpyGlass(5.6.0)
#     Comment          : This report contains RTL and Elaborated names along with parameter values
#
################################################################################

================================================================================
Elaborated Name: 'msk_modulator'
    (RTL Design Unit name: 'msk_modulator', msk_modulator2.sv:1)
     Parameters (Total: 4)
         array_sin          = 83055043889 (default: {4'd1 ,4'd3 ,4'd5 ,4'd6 ,4'd7 ,4'd7 ,4'd6 ,4'd5 ,4'd3 ,4'd1})
         array_sin_neg      = 1089757359071 (default: {(-4'd1) ,(-4'd3) ,(-4'd5) ,(-4'd6) ,(-4'd7) ,(-4'd7) ,(-4'd6) ,(-4'd5) ,(-4'd3) ,(-4'd1)})
         array_sin_four     = 113 (default: {4'd7 ,4'd1})
         array_sin_neg_four = 159 (default: {(-4'd7) ,(-4'd1)})
================================================================================
