###############################################################
#  Generated by:      Cadence Innovus 17.11-s080_1
#  OS:                Linux x86_64(Host ID cimeld39.cime.inpg.fr)
#  Generated on:      Mon Jun 13 19:09:41 2022
#  Design:            top_io
#  Command:           checkDesign -all
###############################################################
Design: top_io

------ Design Summary:
Total Standard Cell Number   (cells) : 9277
Total Block Cell Number      (cells) : 0
Total I/O Pad Cell Number    (cells) : 52
Total Standard Cell Area     ( um^2) : 1251978.00
Total Block Cell Area        ( um^2) : 0.00
Total I/O Pad Cell Area      ( um^2) : 2097408.64

------ Design Statistics:

Number of Instances            : 9329
Number of Non-uniquified Insts : 9319
Number of Nets                 : 10581
Average number of Pins per Net : 3.11
Maximum number of Pins in Net  : 76

------ I/O Port summary

Number of Primary I/O Ports    : 44
Number of Input Ports          : 34
Number of Output Ports         : 10
Number of Bidirectional Ports  : 0
Number of Power/Ground Ports   : 0



------------------------------------------------------------
Detail report:


------ I/O Pad/Port Checking


