\o Program:		@(#)$CDS: libManager version 6.1.7 - CAT35 09/07/2016 20:55 (sjfnl139) $
\o Sub version:		sub-version  s025 
\o Arguments:		-mpssession virtuoso27704 -mpshost cimeld10 
\o Working Directory:	cimeld10:/tp/xph2app/xph2app102/projet_Numerique/git/zigbee_project_2/implem/CDS_2
\o 64-bit offsets
\o Qt version: 		4.8.5
\o Log file is "/tp/xph2app/xph2app102/projet_Numerique/git/zigbee_project_2/implem/CDS_2/libManager.log".
\o Opening libManager window.
\a nrSetCurrentWindow(cdsLibManager)
\a nrResizeWindow(cdsLibManager list(283 23 1550 820))
\o changeWorkingDir("/tp/xph2app/xph2app102/projet_Numerique/git/zigbee_project_2/implem/CDS_2") unnecessary.
\o ddSetForcedLib("") unnecessary.
\o MPS service: map window
\o Library Manager customization server connected.
\a nrSetCurrentWindow(cdsLibManager)
\a nrSetCurrentWindow(cdsLibManager)
\a nrSetCurrentWindow(cdsLibManager)
\a cdsLibManager->libListBox->value = "test_drc"
\a cdsLibManager->cellListBox->value = "top_io"
\a cdsLibManager->cellLineEdit->value = "top_io"
\a cdsLibManager->viewListBox->value = "layout"
\a cdsLibManager->viewLineEdit->value = "layout"
\a nrListItemAction(cdsLibManager->libListBox "test_drc" 0)
\a cdsLibManager->libLineEdit->value = "test_drc"
\a cdsLibManager->viewListBox->value = nil
\a cdsLibManager->viewListBox->value = "layout"
\o MPS request: edit design
\a nrListItemAction(cdsLibManager->gdmXTView 0 0)
\a cdsLibManager->libListBox->value = nil
\a cdsLibManager->cellListBox->value = nil
\a cdsLibManager->viewLineEdit->value = ""
\a cdsLibManager->viewListBox->value = nil
\a cdsLibManager->cellLineEdit->value = ""
\a cdsLibManager->libLineEdit->value = ""
\a cdsLibManager->libListBox->value = "test_drc"
\a cdsLibManager->libLineEdit->value = "test_drc"
\a cdsLibManager->cellListBox->value = "top_io"
\a cdsLibManager->cellLineEdit->value = "top_io"
\a cdsLibManager->viewListBox->value = "layout"
\a cdsLibManager->viewLineEdit->value = "layout"
\a cdsLibManager->cellListBox->value = nil
\a cdsLibManager->viewLineEdit->value = ""
\a cdsLibManager->viewListBox->value = nil
\a cdsLibManager->cellLineEdit->value = ""
\a cdsLibManager->cellListBox->value = "top_io"
\a cdsLibManager->cellLineEdit->value = "top_io"
\a cdsLibManager->viewListBox->value = "layout"
\a cdsLibManager->viewLineEdit->value = "layout"
\a cdsLibManager->viewLineEdit->value = ""
\a cdsLibManager->viewListBox->value = nil
\a cdsLibManager->viewListBox->value = "layout"
\a cdsLibManager->viewLineEdit->value = "layout"
\a cdsLibManager->viewLineEdit->value = ""
\a cdsLibManager->viewListBox->value = nil
\a cdsLibManager->viewListBox->value = "layout"
\a cdsLibManager->viewLineEdit->value = "layout"
\a nrSetCurrentWindow(cdsLibManager)
\a nrSetCurrentWindow(cdsLibManager)
\a nrSetCurrentWindow(cdsLibManager)
\a nrSetCurrentWindow(cdsLibManager)
\a nrSetCurrentWindow(cdsLibManager)
\a nrSetCurrentWindow(cdsLibManager)
\a nrSetCurrentWindow(cdsLibManager)
\a nrSetCurrentWindow(cdsLibManager)
\a cdsLibManager->libListBox->value = nil
\a cdsLibManager->cellListBox->value = nil
\a cdsLibManager->viewLineEdit->value = ""
\a cdsLibManager->viewListBox->value = nil
\a cdsLibManager->cellLineEdit->value = ""
\a cdsLibManager->libLineEdit->value = ""
\a cdsLibManager->libListBox->value = "test_drc"
\a cdsLibManager->libLineEdit->value = "test_drc"
\a cdsLibManager->cellListBox->value = "top_io"
\a cdsLibManager->cellLineEdit->value = "top_io"
\a cdsLibManager->viewListBox->value = "layout"
\a cdsLibManager->viewLineEdit->value = "layout"
\a cdsLibManager->cellListBox->value = nil
\a cdsLibManager->viewLineEdit->value = ""
\a cdsLibManager->viewListBox->value = nil
\a cdsLibManager->cellLineEdit->value = ""
\a cdsLibManager->cellListBox->value = "top_io"
\a cdsLibManager->cellLineEdit->value = "top_io"
\a cdsLibManager->viewListBox->value = "layout"
\a cdsLibManager->viewLineEdit->value = "layout"
\a cdsLibManager->viewLineEdit->value = ""
\a cdsLibManager->viewListBox->value = nil
\a cdsLibManager->viewListBox->value = "layout"
\a cdsLibManager->viewLineEdit->value = "layout"
\a cdsLibManager->viewLineEdit->value = ""
\a cdsLibManager->viewListBox->value = nil
\a cdsLibManager->viewListBox->value = "layout"
\a cdsLibManager->viewLineEdit->value = "layout"
\a nrSetCurrentWindow(cdsLibManager)
\a cdsLibManager->viewListBox->value = nil
\a cdsLibManager->viewListBox->value = "layout"
\o MPS request: edit design
\a nrListItemAction(cdsLibManager->gdmXTView 0 0)
\a nrSetCurrentWindow(cdsLibManager)
\a nrSetCurrentWindow(cdsLibManager)
\a nrSetCurrentWindow(cdsLibManager)
\a nrSetCurrentWindow(cdsLibManager)
\a cdsLibManager->libListBox->value = nil
\a cdsLibManager->cellListBox->value = nil
\a cdsLibManager->viewLineEdit->value = ""
\a cdsLibManager->viewListBox->value = nil
\a cdsLibManager->cellLineEdit->value = ""
\a nrListItemAction(cdsLibManager->libListBox "test_drc" 0)
\a cdsLibManager->cellListBox->value = "top_io"
\a cdsLibManager->cellLineEdit->value = "top_io"
\a cdsLibManager->viewListBox->value = "layout"
\a cdsLibManager->viewLineEdit->value = "layout"
\a cdsLibManager->libLineEdit->value = "test_drc"
\a cdsLibManager->cellListBox->value = nil
\a cdsLibManager->viewLineEdit->value = ""
\a cdsLibManager->viewListBox->value = nil
\a cdsLibManager->cellListBox->value = "top_io"
\a cdsLibManager->viewListBox->value = "layout"
\a cdsLibManager->viewLineEdit->value = "layout"
\a cdsLibManager->cellListBox->value = nil
\a cdsLibManager->viewLineEdit->value = ""
\a cdsLibManager->viewListBox->value = nil
\a cdsLibManager->cellListBox->value = "top_io"
\a cdsLibManager->viewListBox->value = "layout"
\a cdsLibManager->viewLineEdit->value = "layout"
\a cdsLibManager->viewLineEdit->value = ""
\a cdsLibManager->viewListBox->value = nil
\a lmgrLogShowPopup("mainListPopup1" 57 14 2 "top_io")
\a cdsLibManager->cellLineEdit->value = "top_io"
\a cdsLibManager->editPropertiesButton->value = t
\o MPS request: edit property
\a nrSetCurrentWindow(cdsLibManager)
\a nrSetCurrentWindow(cdsLibManager)
\a cdsLibManager->viewListBox->value = "layout"
\a cdsLibManager->viewLineEdit->value = "layout"
\o MPS request: edit design
\a nrListItemAction(cdsLibManager->gdmXTView 0 0)
\a nrSetCurrentWindow(cdsLibManager)
\a cdsLibManager->libListBox->value = "synopsys"
\a cdsLibManager->cellListBox->value = nil
\a cdsLibManager->viewLineEdit->value = ""
\a cdsLibManager->viewListBox->value = nil
\a cdsLibManager->cellLineEdit->value = ""
\a cdsLibManager->cellListBox->value = "attributes"
\a cdsLibManager->cellLineEdit->value = "attributes"
\a cdsLibManager->viewListBox->value = "package"
\a cdsLibManager->viewLineEdit->value = "package"
\a cdsLibManager->libListBox->value = "test_drc"
\a cdsLibManager->cellListBox->value = nil
\a cdsLibManager->viewLineEdit->value = ""
\a cdsLibManager->viewListBox->value = nil
\a cdsLibManager->cellLineEdit->value = ""
\a cdsLibManager->cellListBox->value = "top_io"
\a cdsLibManager->cellLineEdit->value = "top_io"
\a cdsLibManager->viewListBox->value = "layout"
\a cdsLibManager->viewLineEdit->value = "layout"
\a cdsLibManager->libLineEdit->value = "test_drc"
\a nrSetCurrentWindow(cdsLibManager)
\a nrSetCurrentWindow(cdsLibManager)
\a cdsLibManager->libListBox->value = "TECH_C35B4"
\a cdsLibManager->cellListBox->value = nil
\a cdsLibManager->viewLineEdit->value = ""
\a cdsLibManager->viewListBox->value = nil
\a cdsLibManager->cellLineEdit->value = ""
\a lmgrLogShowPopup("mainListPopup0" 58 298 2 "TECH_C35B4")
\a cdsLibManager->libLineEdit->value = "TECH_C35B4"
\a cdsLibManager->copySimpleButton->value = t
\a basicCopyForm->CategoryCellsEdit->value = "*"
\a basicCopyForm->CellsSkipLibraries->value = t
\a basicCopyForm->CellsSkipLibrariesEdit->value = "*"
\a basicCopyForm->CellsSkipLibrariesEdit->value = "*"
\a basicCopyForm->ViewsSkipLibraries->value = t
\a basicCopyForm->ViewsSkipLibrariesEdit->value = "*"
\a basicCopyForm->CopyFromLibrary->value = "A_CELLS"
\a basicCopyForm->CopyToLibrary->value = "A_CELLS"
\a basicCopyForm->CopyFromLibrary->value = "TECH_C35B4"
\a basicCopyForm->CopyToLibrary->value = "TECH_C35B4"
\a basicCopyForm->CellsSkipLibrariesEdit->value = ""
\a basicCopyForm->CellsSkipLibrariesEdit->value = "A_CELLS BORDERS CORELIB CORELIBD CORELIB_V5 ESDLIB GATES IOLIBV5_4M IOLIB_4M IOLIB_ANA_4M LEADFRAMES PACKAGES PRIMLIB PRIMLIBRF SFCLIB_C35B4C0 SPIRALSD_4M SPIRALS_4M TECH_C35B3 US_8ths UTILS_4M ahdlLib ambit analogLib avTech basic bmslib cdsDefTechLib cds_amsfunctions cds_assertions cds_inhconn cds_spicelib connectLib dmsLib functional ieee ncinternal ncmodels ncutils sbaLib sdilib std synopsys test_drc vital_memory"
\a basicCopyForm->ViewsSkipLibrariesEdit->value = "A_CELLS BORDERS CORELIB CORELIBD CORELIB_V5 ESDLIB GATES IOLIBV5_4M IOLIB_4M IOLIB_ANA_4M LEADFRAMES PACKAGES PRIMLIB PRIMLIBRF SFCLIB_C35B4C0 SPIRALSD_4M SPIRALS_4M TECH_C35B3 US_8ths UTILS_4M ahdlLib ambit analogLib avTech basic bmslib cdsDefTechLib cds_amsfunctions cds_assertions cds_inhconn cds_spicelib connectLib dmsLib functional ieee ncinternal ncmodels ncutils sbaLib sdilib std synopsys test_drc vital_memory"
\a nrSetWindowVisibility(basicCopyForm "show")
\a nrSetCurrentWindow(basicCopyForm)
\a nrResizeWindow(basicCopyForm list(907 163 303 399))
\a basicCopyForm->CopyToLibrary->value = "TECH_C35B4_mine"
\a basicCopyForm->OK->value = t
\o Beginning simple copy to library "TECH_C35B4_mine".
\o Processing files to be copied...
\a nrSetWindowVisibility(workingDialogForm "show")
\a nrSetCurrentWindow(workingDialogForm)
\a nrResizeWindow(workingDialogForm list(922 252 273 133))
\a NewLibShell->newLibNameText->value = "TECH_C35B4_mine"
\o INFO (CLM-130): Your operation specified a new destination library.\n\nThis dialog requires you to specify the location where \nthe new library's directory will be created when OK'd.\n\nYou will not create a new library if this dialog is cancelled.
\a nrSetWindowVisibility(NewLibShell "show")
\a nrSetCurrentWindow(cdsLibManager)
\a NewLibShell->QLineEdit2->value = "/tp/xph2app/xph2app102/projet_Numerique/git/zigbee_project_2/implem/CDS_2/"
\a nrSetCurrentWindow(NewLibShell)
\a nrSetCurrentWindow(NewLibShell->subDialog)
\a nrResizeWindow(NewLibShell->subDialog list(0 0 459 265))
\a nrResizeWindow(NewLibShell list(0 0 507 690))
\a NewLibShell->newLibOKButton->value = t
\a NewLibShell->subDialog->value = '("/tp/xph2app/xph2app102/projet_Numerique/git/zigbee_project_2/implem/CDS_2" "/tp/xph2app/xph2app102/projet_Numerique/git/zigbee_project_2/implem/CDS_2/")
\a nrSetWindowVisibility(workingDialogForm "show")
\a nrSetCurrentWindow(workingDialogForm)
\a nrSetCurrentWindow(NewLibShell)
\a nrSetCurrentWindow(NewLibShell->subDialog)
\o Created new library "TECH_C35B4_mine" at /tp/xph2app/xph2app102/projet_Numerique/git/zigbee_project_2/implem/CDS_2/TECH_C35B4_mine.
\a nrSetWindowVisibility(workingDialogForm "show")
\a nrSetCurrentWindow(cdsLibManager)
\a nrSetCurrentWindow(workingDialogForm)
\a nrResizeWindow(workingDialogForm list(877 327 342 133))
\a cdsLibManager->libListBox->value = nil
\a cdsLibManager->libLineEdit->value = ""
\a cdsLibManager->libListBox->value = "TECH_C35B4"
\a cdsLibManager->libLineEdit->value = "TECH_C35B4"
\o Batching session updates...
\a cdsLibManager->libListBox->value = nil
\a cdsLibManager->libLineEdit->value = ""
\a cdsLibManager->libListBox->value = "TECH_C35B4"
\a cdsLibManager->libLineEdit->value = "TECH_C35B4"
\a nrSetCurrentWindow(cdsLibManager)
\a cdsLibManager->cellListBox->value = "VIA2_VC"
\a cdsLibManager->viewListBox->value = "layout"
\a cdsLibManager->viewLineEdit->value = "layout"
\a cdsLibManager->cellLineEdit->value = "VIA2_VC"
\a cdsLibManager->viewListBox->value = nil
\a cdsLibManager->viewListBox->value = "layout"
\o MPS request: edit design
\a nrListItemAction(cdsLibManager->gdmXTView 0 0)
\a nrSetCurrentWindow(cdsLibManager)
\a cdsLibManager->libListBox->value = "TECH_C35B4_mine"
\a cdsLibManager->cellListBox->value = nil
\a cdsLibManager->viewLineEdit->value = ""
\a cdsLibManager->viewListBox->value = nil
\a cdsLibManager->cellLineEdit->value = ""
\a cdsLibManager->cellListBox->value = "VIA2_VC"
\a cdsLibManager->cellLineEdit->value = "VIA2_VC"
\a cdsLibManager->viewListBox->value = "layout"
\a cdsLibManager->viewLineEdit->value = "layout"
\a cdsLibManager->viewLineEdit->value = ""
\a cdsLibManager->viewListBox->value = nil
\a cdsLibManager->viewListBox->value = "layout"
\a cdsLibManager->viewLineEdit->value = "layout"
\a cdsLibManager->libLineEdit->value = "TECH_C35B4_mine"
\a cdsLibManager->viewListBox->value = nil
\a cdsLibManager->viewListBox->value = "layout"
\o MPS request: edit design
\a nrListItemAction(cdsLibManager->gdmXTView 0 0)
\a nrSetCurrentWindow(cdsLibManager)
\a nrSetCurrentWindow(cdsLibManager)
\a cdsLibManager->libListBox->value = nil
\a cdsLibManager->cellListBox->value = nil
\a cdsLibManager->viewLineEdit->value = ""
\a cdsLibManager->viewListBox->value = nil
\a cdsLibManager->cellLineEdit->value = ""
\a cdsLibManager->libLineEdit->value = ""
\a cdsLibManager->libListBox->value = "TECH_C35B4_mine"
\a cdsLibManager->libLineEdit->value = "TECH_C35B4_mine"
\a cdsLibManager->cellListBox->value = "VIA2_VC"
\a cdsLibManager->cellLineEdit->value = "VIA2_VC"
\a cdsLibManager->viewListBox->value = "layout"
\a cdsLibManager->viewLineEdit->value = "layout"
\a cdsLibManager->viewLineEdit->value = ""
\a cdsLibManager->viewListBox->value = nil
\a cdsLibManager->viewListBox->value = "layout"
\a cdsLibManager->viewLineEdit->value = "layout"
\a nrSetCurrentWindow(cdsLibManager)
\a cdsLibManager->libListBox->value = "test_drc"
\a cdsLibManager->cellListBox->value = nil
\a cdsLibManager->viewLineEdit->value = ""
\a cdsLibManager->viewListBox->value = nil
\a cdsLibManager->cellLineEdit->value = ""
\a cdsLibManager->cellListBox->value = "top_io"
\a cdsLibManager->cellLineEdit->value = "top_io"
\a cdsLibManager->viewListBox->value = "layout"
\a cdsLibManager->viewLineEdit->value = "layout"
\a cdsLibManager->libLineEdit->value = "test_drc"
\a cdsLibManager->viewListBox->value = nil
\a cdsLibManager->viewListBox->value = "layout"
\o MPS request: edit design
\a nrListItemAction(cdsLibManager->gdmXTView 0 0)
\a nrSetCurrentWindow(cdsLibManager)
\a cdsLibManager->viewListBox->value = nil
\a cdsLibManager->viewListBox->value = "layout"
\o MPS request: edit design
\a nrListItemAction(cdsLibManager->gdmXTView 0 0)
\a cdsLibManager->libListBox->value = nil
\a cdsLibManager->cellListBox->value = nil
\a cdsLibManager->viewLineEdit->value = ""
\a cdsLibManager->viewListBox->value = nil
\a cdsLibManager->cellLineEdit->value = ""
\a cdsLibManager->libLineEdit->value = ""
\a cdsLibManager->libListBox->value = "test_drc"
\a cdsLibManager->libLineEdit->value = "test_drc"
\a cdsLibManager->cellListBox->value = "top_io"
\a cdsLibManager->cellLineEdit->value = "top_io"
\a cdsLibManager->viewListBox->value = "layout"
\a cdsLibManager->viewLineEdit->value = "layout"
\a cdsLibManager->cellListBox->value = nil
\a cdsLibManager->viewLineEdit->value = ""
\a cdsLibManager->viewListBox->value = nil
\a cdsLibManager->cellLineEdit->value = ""
\a cdsLibManager->cellListBox->value = "top_io"
\a cdsLibManager->cellLineEdit->value = "top_io"
\a cdsLibManager->viewListBox->value = "layout"
\a cdsLibManager->viewLineEdit->value = "layout"
\a cdsLibManager->viewLineEdit->value = ""
\a cdsLibManager->viewListBox->value = nil
\a cdsLibManager->viewListBox->value = "layout"
\a cdsLibManager->viewLineEdit->value = "layout"
\a cdsLibManager->viewLineEdit->value = ""
\a cdsLibManager->viewListBox->value = nil
\a cdsLibManager->viewListBox->value = "layout"
\a cdsLibManager->viewLineEdit->value = "layout"
\a nrSetCurrentWindow(cdsLibManager)
\a cdsLibManager->editLibraryPathButton->value = t
\o Starting the cdsLibEditor...
\a nrSetCurrentWindow(cdsLibManager)
\a nrSetCurrentWindow(cdsLibManager)
\a nrSetCurrentWindow(cdsLibManager)
\a cdsLibManager->cellListBox->value = nil
\a cdsLibManager->viewLineEdit->value = ""
\a cdsLibManager->viewListBox->value = nil
\a cdsLibManager->cellLineEdit->value = ""
\a lmgrLogShowPopup("mainListPopup0" 40 415 2 "test_drc")
\a cdsLibManager->editPropertiesButton->value = t
\o MPS request: edit property
\a nrSetCurrentWindow(cdsLibManager)
\a nrSetCurrentWindow(cdsLibManager)
\a nrSetCurrentWindow(cdsLibManager)
\a nrSetCurrentWindow(cdsLibManager)
\a nrSetCurrentWindow(cdsLibManager)
