
################################################################################
#
# This file has been generated by SpyGlass:
#     Report Name      : moresimple
#     Report Created by: xph2app103
#     Report Created on:  Thu Jun  2 17:22:16 2022
#     Working Directory: /tp/xph2app/xph2app103/zigbee_project_2/simu/wrapper_DEMOD_CORDIC_CDR_EI
#     SpyGlass Version : 5.6.0
#     Policy Name      : SpyGlass(5.6.0)
#
#     Total Number of Generated Messages :        201
#     Number of Waived Messages          :          0
#     Number of Reported Messages        :        201
#     Number of Overlimit Messages       :          0
#
#
################################################################################

+++++++++++++++++++++++++++++++++++++++++++++++++++++++++++++++++++++++
MORESIMPLE REPORT:
############### FATAL MESSAGES ############### 
+++++++++++++++++++++++++++++++++++++++++++++++++++++++++++++++++++++++++++++++++
ID       Rule          Alias         Severity    File                                Line    Wt      Message
======================================================================================
[0]      STX_VE_479    STX_VE_479    Syntax      ../../rtl/DECODER/cossin_gen.sv     10      1000    Syntax error near ( [ ). Please use 'set_option enableSV yes' to support SystemVerilog construct ( Multiple packed dimensions )
[1]      STX_VE_479    STX_VE_479    Syntax      ../../rtl/DECODER/cossin_gen.sv     21      1000    Syntax error near ( bit ). Please use 'set_option enableSV yes' to support SystemVerilog construct ( bit )
[2]      STX_VE_481    STX_VE_481    Syntax      ../../rtl/DECODER/cossin_gen.sv     25      1000    Syntax error near ( , )
[3]      STX_VE_479    STX_VE_479    Syntax      ../../rtl/DECODER/cossin_gen.sv     27      1000    Syntax error near ( counter ). Please use 'set_option enableSV yes' to support SystemVerilog construct ( logic )
[4]      STX_VE_606    STX_VE_606    Syntax      ../../rtl/DECODER/cossin_gen.sv     78      1000    Identifier ( state ) not declared in current scope
[5]      STX_VE_606    STX_VE_606    Syntax      ../../rtl/DECODER/cossin_gen.sv     78      1000    Identifier ( Init ) not declared in current scope
[6]      STX_VE_606    STX_VE_606    Syntax      ../../rtl/DECODER/cossin_gen.sv     83      1000    Identifier ( state ) not declared in current scope
[7]      STX_VE_606    STX_VE_606    Syntax      ../../rtl/DECODER/cossin_gen.sv     83      1000    Identifier ( shift_sample ) not declared in current scope
[8]      STX_VE_606    STX_VE_606    Syntax      ../../rtl/DECODER/cossin_gen.sv     84      1000    Identifier ( val_counter ) not declared in current scope
[9]      STX_VE_606    STX_VE_606    Syntax      ../../rtl/DECODER/cossin_gen.sv     85      1000    Identifier ( val_counter ) not declared in current scope
[A]      STX_VE_606    STX_VE_606    Syntax      ../../rtl/DECODER/cossin_gen.sv     86      1000    Identifier ( val_counter ) not declared in current scope
[B]      STX_VE_479    STX_VE_479    Syntax      ../../rtl/DECODER/iq_demod.sv       1       1000    Syntax error near ( i_clk ). Please use 'set_option enableSV yes' to support SystemVerilog construct ( logic )
[C]      STX_VE_481    STX_VE_481    Syntax      ../../rtl/DECODER/fir_filter.sv     1       1000    Syntax error near ( i_clk )
[D]      STX_VE_481    STX_VE_481    Syntax      ../../rtl/DECODER/decoder_top.sv    1       1000    Syntax error near ( i_clk )
[E]      STX_VE_647    STX_VE_647    Syntax      ../../rtl/CORDIC/cordic_block.sv    3       1000    ( logic ) is declared as input though not in module header
[F]      STX_VE_481    STX_VE_481    Syntax      ../../rtl/CORDIC/cordic_block.sv    3       1000    Syntax error near ( clock )
[10]     STX_VE_647    STX_VE_647    Syntax      ../../rtl/CORDIC/cordic_block.sv    4       1000    ( logic ) is declared as input though not in module header
[11]     STX_VE_481    STX_VE_481    Syntax      ../../rtl/CORDIC/cordic_block.sv    4       1000    Syntax error near ( reset )
[12]     STX_VE_479    STX_VE_479    Syntax      ../../rtl/CORDIC/cordic_block.sv    5       1000    Syntax error near ( o_angle ). Please use 'set_option enableSV yes' to support SystemVerilog construct ( Array port declaration )
[13]     STX_VE_648    STX_VE_648    Syntax      ../../rtl/CORDIC/cordic_block.sv    5       1000    ( logic ) is declared as output though not in module header
[14]     STX_VE_481    STX_VE_481    Syntax      ../../rtl/CORDIC/cordic_block.sv    5       1000    Syntax error near ( o_angle )
[15]     STX_VE_479    STX_VE_479    Syntax      ../../rtl/CORDIC/cordic_block.sv    6       1000    Syntax error near ( i_I ). Please use 'set_option enableSV yes' to support SystemVerilog construct ( Array port declaration )
[16]     STX_VE_647    STX_VE_647    Syntax      ../../rtl/CORDIC/cordic_block.sv    6       1000    ( logic ) is declared as input though not in module header
[17]     STX_VE_481    STX_VE_481    Syntax      ../../rtl/CORDIC/cordic_block.sv    6       1000    Syntax error near ( i_I )
[18]     STX_VE_479    STX_VE_479    Syntax      ../../rtl/CORDIC/cordic_block.sv    7       1000    Syntax error near ( i_Q ). Please use 'set_option enableSV yes' to support SystemVerilog construct ( Array port declaration )
[19]     STX_VE_647    STX_VE_647    Syntax      ../../rtl/CORDIC/cordic_block.sv    7       1000    ( logic ) is declared as input though not in module header
[1A]     STX_VE_481    STX_VE_481    Syntax      ../../rtl/CORDIC/cordic_block.sv    7       1000    Syntax error near ( i_Q )
[1B]     STX_VE_479    STX_VE_479    Syntax      ../../rtl/CORDIC/cordic_block.sv    20      1000    Syntax error near ( ; ). Please use 'set_option enableSV yes' to support SystemVerilog construct ( Empty statement )
[1C]     STX_VE_479    STX_VE_479    Syntax      ../../rtl/CORDIC/cordic_block.sv    26      1000    Syntax error near ( [ ). Please use 'set_option enableSV yes' to support SystemVerilog construct ( Unsigned usage )
[1D]     STX_VE_479    STX_VE_479    Syntax      ../../rtl/CORDIC/cordic_block.sv    27      1000    Syntax error near ( [ ). Please use 'set_option enableSV yes' to support SystemVerilog construct ( Unsigned usage )
[1E]     STX_VE_481    STX_VE_481    Syntax      ../../rtl/CORDIC/cordic_block.sv    29      1000    Syntax error near ( @ )
[1F]     STX_VE_479    STX_VE_479    Syntax      ../../rtl/CORDIC/cordic_block.sv    35      1000    Syntax error near ( ] ). Please use 'set_option enableSV yes' to support SystemVerilog construct ( C-style unpacked dimension )
[20]     STX_VE_481    STX_VE_481    Syntax      ../../rtl/CORDIC/cordic_block.sv    35      1000    Syntax error near ( <= )
[21]     STX_VE_479    STX_VE_479    Syntax      ../../rtl/CORDIC/cordic_block.sv    36      1000    Syntax error near ( ] ). Please use 'set_option enableSV yes' to support SystemVerilog construct ( C-style unpacked dimension )
[22]     STX_VE_481    STX_VE_481    Syntax      ../../rtl/CORDIC/cordic_block.sv    36      1000    Syntax error near ( <= )
[23]     STX_VE_479    STX_VE_479    Syntax      ../../rtl/CORDIC/cordic_block.sv    37      1000    Syntax error near ( ] ). Please use 'set_option enableSV yes' to support SystemVerilog construct ( C-style unpacked dimension )
[24]     STX_VE_481    STX_VE_481    Syntax      ../../rtl/CORDIC/cordic_block.sv    37      1000    Syntax error near ( <= )
[25]     STX_VE_479    STX_VE_479    Syntax      ../../rtl/CORDIC/cordic_block.sv    38      1000    Syntax error near ( ] ). Please use 'set_option enableSV yes' to support SystemVerilog construct ( C-style unpacked dimension )
[26]     STX_VE_481    STX_VE_481    Syntax      ../../rtl/CORDIC/cordic_block.sv    38      1000    Syntax error near ( <= )
[27]     STX_VE_479    STX_VE_479    Syntax      ../../rtl/CORDIC/cordic_block.sv    39      1000    Syntax error near ( ] ). Please use 'set_option enableSV yes' to support SystemVerilog construct ( C-style unpacked dimension )
[28]     STX_VE_481    STX_VE_481    Syntax      ../../rtl/CORDIC/cordic_block.sv    39      1000    Syntax error near ( <= )
[29]     STX_VE_479    STX_VE_479    Syntax      ../../rtl/CORDIC/cordic_block.sv    40      1000    Syntax error near ( ] ). Please use 'set_option enableSV yes' to support SystemVerilog construct ( C-style unpacked dimension )
[2A]     STX_VE_481    STX_VE_481    Syntax      ../../rtl/CORDIC/cordic_block.sv    40      1000    Syntax error near ( <= )
[2B]     STX_VE_479    STX_VE_479    Syntax      ../../rtl/CORDIC/cordic_block.sv    42      1000    Syntax error near ( ] ). Please use 'set_option enableSV yes' to support SystemVerilog construct ( C-style unpacked dimension )
[2C]     STX_VE_481    STX_VE_481    Syntax      ../../rtl/CORDIC/cordic_block.sv    42      1000    Syntax error near ( <= )
[2D]     STX_VE_479    STX_VE_479    Syntax      ../../rtl/CORDIC/cordic_block.sv    43      1000    Syntax error near ( ] ). Please use 'set_option enableSV yes' to support SystemVerilog construct ( C-style unpacked dimension )
[2E]     STX_VE_481    STX_VE_481    Syntax      ../../rtl/CORDIC/cordic_block.sv    43      1000    Syntax error near ( <= )
[2F]     STX_VE_479    STX_VE_479    Syntax      ../../rtl/CORDIC/cordic_block.sv    44      1000    Syntax error near ( ] ). Please use 'set_option enableSV yes' to support SystemVerilog construct ( C-style unpacked dimension )
[30]     STX_VE_481    STX_VE_481    Syntax      ../../rtl/CORDIC/cordic_block.sv    44      1000    Syntax error near ( <= )
[31]     STX_VE_479    STX_VE_479    Syntax      ../../rtl/CORDIC/cordic_block.sv    45      1000    Syntax error near ( ] ). Please use 'set_option enableSV yes' to support SystemVerilog construct ( C-style unpacked dimension )
[32]     STX_VE_481    STX_VE_481    Syntax      ../../rtl/CORDIC/cordic_block.sv    45      1000    Syntax error near ( <= )
[33]     STX_VE_479    STX_VE_479    Syntax      ../../rtl/CORDIC/cordic_block.sv    46      1000    Syntax error near ( ] ). Please use 'set_option enableSV yes' to support SystemVerilog construct ( C-style unpacked dimension )
[34]     STX_VE_481    STX_VE_481    Syntax      ../../rtl/CORDIC/cordic_block.sv    46      1000    Syntax error near ( <= )
[35]     STX_VE_479    STX_VE_479    Syntax      ../../rtl/CORDIC/cordic_block.sv    47      1000    Syntax error near ( ] ). Please use 'set_option enableSV yes' to support SystemVerilog construct ( C-style unpacked dimension )
[36]     STX_VE_481    STX_VE_481    Syntax      ../../rtl/CORDIC/cordic_block.sv    47      1000    Syntax error near ( <= )
[37]     STX_VE_479    STX_VE_479    Syntax      ../../rtl/CORDIC/cordic_block.sv    50      1000    Syntax error near ( ] ). Please use 'set_option enableSV yes' to support SystemVerilog construct ( C-style unpacked dimension )
[38]     STX_VE_481    STX_VE_481    Syntax      ../../rtl/CORDIC/cordic_block.sv    50      1000    Syntax error near ( <= )
[39]     STX_VE_479    STX_VE_479    Syntax      ../../rtl/CORDIC/cordic_block.sv    51      1000    Syntax error near ( ] ). Please use 'set_option enableSV yes' to support SystemVerilog construct ( C-style unpacked dimension )
[3A]     STX_VE_481    STX_VE_481    Syntax      ../../rtl/CORDIC/cordic_block.sv    51      1000    Syntax error near ( <= )
[3B]     STX_VE_479    STX_VE_479    Syntax      ../../rtl/CORDIC/cordic_block.sv    52      1000    Syntax error near ( ] ). Please use 'set_option enableSV yes' to support SystemVerilog construct ( C-style unpacked dimension )
[3C]     STX_VE_481    STX_VE_481    Syntax      ../../rtl/CORDIC/cordic_block.sv    52      1000    Syntax error near ( <= )
[3D]     STX_VE_479    STX_VE_479    Syntax      ../../rtl/CORDIC/cordic_block.sv    53      1000    Syntax error near ( ] ). Please use 'set_option enableSV yes' to support SystemVerilog construct ( C-style unpacked dimension )
[3E]     STX_VE_481    STX_VE_481    Syntax      ../../rtl/CORDIC/cordic_block.sv    53      1000    Syntax error near ( <= )
[3F]     STX_VE_479    STX_VE_479    Syntax      ../../rtl/CORDIC/cordic_block.sv    54      1000    Syntax error near ( ] ). Please use 'set_option enableSV yes' to support SystemVerilog construct ( C-style unpacked dimension )
[40]     STX_VE_481    STX_VE_481    Syntax      ../../rtl/CORDIC/cordic_block.sv    54      1000    Syntax error near ( <= )
[41]     STX_VE_479    STX_VE_479    Syntax      ../../rtl/CORDIC/cordic_block.sv    55      1000    Syntax error near ( ] ). Please use 'set_option enableSV yes' to support SystemVerilog construct ( C-style unpacked dimension )
[42]     STX_VE_481    STX_VE_481    Syntax      ../../rtl/CORDIC/cordic_block.sv    55      1000    Syntax error near ( <= )
[43]     STX_VE_479    STX_VE_479    Syntax      ../../rtl/CORDIC/cordic_block.sv    57      1000    Syntax error near ( ] ). Please use 'set_option enableSV yes' to support SystemVerilog construct ( C-style unpacked dimension )
[44]     STX_VE_481    STX_VE_481    Syntax      ../../rtl/CORDIC/cordic_block.sv    57      1000    Syntax error near ( <= )
[45]     STX_VE_479    STX_VE_479    Syntax      ../../rtl/CORDIC/cordic_block.sv    58      1000    Syntax error near ( ] ). Please use 'set_option enableSV yes' to support SystemVerilog construct ( C-style unpacked dimension )
[46]     STX_VE_481    STX_VE_481    Syntax      ../../rtl/CORDIC/cordic_block.sv    58      1000    Syntax error near ( <= )
[47]     STX_VE_479    STX_VE_479    Syntax      ../../rtl/CORDIC/cordic_block.sv    59      1000    Syntax error near ( ] ). Please use 'set_option enableSV yes' to support SystemVerilog construct ( C-style unpacked dimension )
[48]     STX_VE_481    STX_VE_481    Syntax      ../../rtl/CORDIC/cordic_block.sv    59      1000    Syntax error near ( <= )
[49]     STX_VE_479    STX_VE_479    Syntax      ../../rtl/CORDIC/cordic_block.sv    60      1000    Syntax error near ( ] ). Please use 'set_option enableSV yes' to support SystemVerilog construct ( C-style unpacked dimension )
[4A]     STX_VE_481    STX_VE_481    Syntax      ../../rtl/CORDIC/cordic_block.sv    60      1000    Syntax error near ( <= )
[4B]     STX_VE_479    STX_VE_479    Syntax      ../../rtl/CORDIC/cordic_block.sv    61      1000    Syntax error near ( ] ). Please use 'set_option enableSV yes' to support SystemVerilog construct ( C-style unpacked dimension )
[4C]     STX_VE_481    STX_VE_481    Syntax      ../../rtl/CORDIC/cordic_block.sv    61      1000    Syntax error near ( <= )
[4D]     STX_VE_479    STX_VE_479    Syntax      ../../rtl/CORDIC/cordic_block.sv    62      1000    Syntax error near ( ] ). Please use 'set_option enableSV yes' to support SystemVerilog construct ( C-style unpacked dimension )
[4E]     STX_VE_481    STX_VE_481    Syntax      ../../rtl/CORDIC/cordic_block.sv    62      1000    Syntax error near ( <= )
[4F]     STX_VE_479    STX_VE_479    Syntax      ../../rtl/CORDIC/cordic_block.sv    63      1000    Syntax error near ( ] ). Please use 'set_option enableSV yes' to support SystemVerilog construct ( C-style unpacked dimension )
[50]     STX_VE_481    STX_VE_481    Syntax      ../../rtl/CORDIC/cordic_block.sv    63      1000    Syntax error near ( <= )
[51]     STX_VE_479    STX_VE_479    Syntax      ../../rtl/CORDIC/cordic_block.sv    68      1000    Syntax error near ( ] ). Please use 'set_option enableSV yes' to support SystemVerilog construct ( C-style unpacked dimension )
[52]     STX_VE_481    STX_VE_481    Syntax      ../../rtl/CORDIC/cordic_block.sv    68      1000    Syntax error near ( <= )
[53]     STX_VE_479    STX_VE_479    Syntax      ../../rtl/CORDIC/cordic_block.sv    69      1000    Syntax error near ( ] ). Please use 'set_option enableSV yes' to support SystemVerilog construct ( C-style unpacked dimension )
[54]     STX_VE_481    STX_VE_481    Syntax      ../../rtl/CORDIC/cordic_block.sv    69      1000    Syntax error near ( <= )
[55]     STX_VE_479    STX_VE_479    Syntax      ../../rtl/CORDIC/cordic_block.sv    70      1000    Syntax error near ( ] ). Please use 'set_option enableSV yes' to support SystemVerilog construct ( C-style unpacked dimension )
[56]     STX_VE_481    STX_VE_481    Syntax      ../../rtl/CORDIC/cordic_block.sv    70      1000    Syntax error near ( <= )
[57]     STX_VE_479    STX_VE_479    Syntax      ../../rtl/CORDIC/cordic_block.sv    71      1000    Syntax error near ( ] ). Please use 'set_option enableSV yes' to support SystemVerilog construct ( C-style unpacked dimension )
[58]     STX_VE_481    STX_VE_481    Syntax      ../../rtl/CORDIC/cordic_block.sv    71      1000    Syntax error near ( <= )
[59]     STX_VE_479    STX_VE_479    Syntax      ../../rtl/CORDIC/cordic_block.sv    72      1000    Syntax error near ( ] ). Please use 'set_option enableSV yes' to support SystemVerilog construct ( C-style unpacked dimension )
[5A]     STX_VE_481    STX_VE_481    Syntax      ../../rtl/CORDIC/cordic_block.sv    72      1000    Syntax error near ( <= )
[5B]     STX_VE_479    STX_VE_479    Syntax      ../../rtl/CORDIC/cordic_block.sv    73      1000    Syntax error near ( ] ). Please use 'set_option enableSV yes' to support SystemVerilog construct ( C-style unpacked dimension )
[5C]     STX_VE_481    STX_VE_481    Syntax      ../../rtl/CORDIC/cordic_block.sv    73      1000    Syntax error near ( <= )
[5D]     STX_VE_479    STX_VE_479    Syntax      ../../rtl/CORDIC/cordic_block.sv    75      1000    Syntax error near ( ] ). Please use 'set_option enableSV yes' to support SystemVerilog construct ( C-style unpacked dimension )
[5E]     STX_VE_481    STX_VE_481    Syntax      ../../rtl/CORDIC/cordic_block.sv    75      1000    Syntax error near ( <= )
[5F]     STX_VE_479    STX_VE_479    Syntax      ../../rtl/CORDIC/cordic_block.sv    76      1000    Syntax error near ( ] ). Please use 'set_option enableSV yes' to support SystemVerilog construct ( C-style unpacked dimension )
[60]     STX_VE_481    STX_VE_481    Syntax      ../../rtl/CORDIC/cordic_block.sv    76      1000    Syntax error near ( <= )
[61]     STX_VE_479    STX_VE_479    Syntax      ../../rtl/CORDIC/cordic_block.sv    77      1000    Syntax error near ( ] ). Please use 'set_option enableSV yes' to support SystemVerilog construct ( C-style unpacked dimension )
[62]     STX_VE_481    STX_VE_481    Syntax      ../../rtl/CORDIC/cordic_block.sv    77      1000    Syntax error near ( <= )
[63]     STX_VE_479    STX_VE_479    Syntax      ../../rtl/CORDIC/cordic_block.sv    78      1000    Syntax error near ( ] ). Please use 'set_option enableSV yes' to support SystemVerilog construct ( C-style unpacked dimension )
[64]     STX_VE_481    STX_VE_481    Syntax      ../../rtl/CORDIC/cordic_block.sv    78      1000    Syntax error near ( <= )
[65]     STX_VE_479    STX_VE_479    Syntax      ../../rtl/CORDIC/cordic_block.sv    79      1000    Syntax error near ( ] ). Please use 'set_option enableSV yes' to support SystemVerilog construct ( C-style unpacked dimension )
[66]     STX_VE_481    STX_VE_481    Syntax      ../../rtl/CORDIC/cordic_block.sv    79      1000    Syntax error near ( <= )
[67]     STX_VE_479    STX_VE_479    Syntax      ../../rtl/CORDIC/cordic_block.sv    80      1000    Syntax error near ( ] ). Please use 'set_option enableSV yes' to support SystemVerilog construct ( C-style unpacked dimension )
[68]     STX_VE_481    STX_VE_481    Syntax      ../../rtl/CORDIC/cordic_block.sv    80      1000    Syntax error near ( <= )
[69]     STX_VE_479    STX_VE_479    Syntax      ../../rtl/CORDIC/cordic_block.sv    83      1000    Syntax error near ( ] ). Please use 'set_option enableSV yes' to support SystemVerilog construct ( C-style unpacked dimension )
[6A]     STX_VE_481    STX_VE_481    Syntax      ../../rtl/CORDIC/cordic_block.sv    83      1000    Syntax error near ( <= )
[6B]     STX_VE_479    STX_VE_479    Syntax      ../../rtl/CORDIC/cordic_block.sv    84      1000    Syntax error near ( ] ). Please use 'set_option enableSV yes' to support SystemVerilog construct ( C-style unpacked dimension )
[6C]     STX_VE_481    STX_VE_481    Syntax      ../../rtl/CORDIC/cordic_block.sv    84      1000    Syntax error near ( <= )
[6D]     STX_VE_479    STX_VE_479    Syntax      ../../rtl/CORDIC/cordic_block.sv    85      1000    Syntax error near ( ] ). Please use 'set_option enableSV yes' to support SystemVerilog construct ( C-style unpacked dimension )
[6E]     STX_VE_481    STX_VE_481    Syntax      ../../rtl/CORDIC/cordic_block.sv    85      1000    Syntax error near ( <= )
[6F]     STX_VE_479    STX_VE_479    Syntax      ../../rtl/CORDIC/cordic_block.sv    86      1000    Syntax error near ( ] ). Please use 'set_option enableSV yes' to support SystemVerilog construct ( C-style unpacked dimension )
[70]     STX_VE_481    STX_VE_481    Syntax      ../../rtl/CORDIC/cordic_block.sv    86      1000    Syntax error near ( <= )
[71]     STX_VE_479    STX_VE_479    Syntax      ../../rtl/CORDIC/cordic_block.sv    87      1000    Syntax error near ( ] ). Please use 'set_option enableSV yes' to support SystemVerilog construct ( C-style unpacked dimension )
[72]     STX_VE_481    STX_VE_481    Syntax      ../../rtl/CORDIC/cordic_block.sv    87      1000    Syntax error near ( <= )
[73]     STX_VE_479    STX_VE_479    Syntax      ../../rtl/CORDIC/cordic_block.sv    88      1000    Syntax error near ( ] ). Please use 'set_option enableSV yes' to support SystemVerilog construct ( C-style unpacked dimension )
[74]     STX_VE_481    STX_VE_481    Syntax      ../../rtl/CORDIC/cordic_block.sv    88      1000    Syntax error near ( <= )
[75]     STX_VE_479    STX_VE_479    Syntax      ../../rtl/CORDIC/cordic_block.sv    90      1000    Syntax error near ( ] ). Please use 'set_option enableSV yes' to support SystemVerilog construct ( C-style unpacked dimension )
[76]     STX_VE_481    STX_VE_481    Syntax      ../../rtl/CORDIC/cordic_block.sv    90      1000    Syntax error near ( <= )
[77]     STX_VE_479    STX_VE_479    Syntax      ../../rtl/CORDIC/cordic_block.sv    91      1000    Syntax error near ( ] ). Please use 'set_option enableSV yes' to support SystemVerilog construct ( C-style unpacked dimension )
[78]     STX_VE_481    STX_VE_481    Syntax      ../../rtl/CORDIC/cordic_block.sv    91      1000    Syntax error near ( <= )
[79]     STX_VE_479    STX_VE_479    Syntax      ../../rtl/CORDIC/cordic_block.sv    92      1000    Syntax error near ( ] ). Please use 'set_option enableSV yes' to support SystemVerilog construct ( C-style unpacked dimension )
[7A]     STX_VE_481    STX_VE_481    Syntax      ../../rtl/CORDIC/cordic_block.sv    92      1000    Syntax error near ( <= )
[7B]     STX_VE_479    STX_VE_479    Syntax      ../../rtl/CORDIC/cordic_block.sv    93      1000    Syntax error near ( ] ). Please use 'set_option enableSV yes' to support SystemVerilog construct ( C-style unpacked dimension )
[7C]     STX_VE_481    STX_VE_481    Syntax      ../../rtl/CORDIC/cordic_block.sv    93      1000    Syntax error near ( <= )
[7D]     STX_VE_479    STX_VE_479    Syntax      ../../rtl/CORDIC/cordic_block.sv    94      1000    Syntax error near ( ] ). Please use 'set_option enableSV yes' to support SystemVerilog construct ( C-style unpacked dimension )
[7E]     STX_VE_481    STX_VE_481    Syntax      ../../rtl/CORDIC/cordic_block.sv    94      1000    Syntax error near ( <= )
[7F]     STX_VE_479    STX_VE_479    Syntax      ../../rtl/CORDIC/cordic_block.sv    95      1000    Syntax error near ( ] ). Please use 'set_option enableSV yes' to support SystemVerilog construct ( C-style unpacked dimension )
[80]     STX_VE_481    STX_VE_481    Syntax      ../../rtl/CORDIC/cordic_block.sv    95      1000    Syntax error near ( <= )
[81]     STX_VE_479    STX_VE_479    Syntax      ../../rtl/CORDIC/cordic_block.sv    96      1000    Syntax error near ( ] ). Please use 'set_option enableSV yes' to support SystemVerilog construct ( C-style unpacked dimension )
[82]     STX_VE_481    STX_VE_481    Syntax      ../../rtl/CORDIC/cordic_block.sv    96      1000    Syntax error near ( <= )
[83]     STX_VE_479    STX_VE_479    Syntax      ../../rtl/CORDIC/cordic_block.sv    117     1000    Syntax error near ( ] ). Please use 'set_option enableSV yes' to support SystemVerilog construct ( C-style unpacked dimension )
[84]     STX_VE_481    STX_VE_481    Syntax      ../../rtl/CORDIC/cordic_block.sv    117     1000    Syntax error near ( <= )
[85]     STX_VE_479    STX_VE_479    Syntax      ../../rtl/CORDIC/cordic_block.sv    124     1000    Syntax error near ( ] ). Please use 'set_option enableSV yes' to support SystemVerilog construct ( C-style unpacked dimension )
[86]     STX_VE_481    STX_VE_481    Syntax      ../../rtl/CORDIC/cordic_block.sv    124     1000    Syntax error near ( = )
[87]     STX_VE_479    STX_VE_479    Syntax      ../../rtl/CORDIC/cordic_block.sv    125     1000    Syntax error near ( ] ). Please use 'set_option enableSV yes' to support SystemVerilog construct ( C-style unpacked dimension )
[88]     STX_VE_481    STX_VE_481    Syntax      ../../rtl/CORDIC/cordic_block.sv    125     1000    Syntax error near ( = )
[89]     STX_VE_479    STX_VE_479    Syntax      ../../rtl/CORDIC/cordic_block.sv    126     1000    Syntax error near ( ] ). Please use 'set_option enableSV yes' to support SystemVerilog construct ( C-style unpacked dimension )
[8A]     STX_VE_481    STX_VE_481    Syntax      ../../rtl/CORDIC/cordic_block.sv    126     1000    Syntax error near ( = )
[8B]     STX_VE_479    STX_VE_479    Syntax      ../../rtl/CORDIC/cordic_block.sv    127     1000    Syntax error near ( ] ). Please use 'set_option enableSV yes' to support SystemVerilog construct ( C-style unpacked dimension )
[8C]     STX_VE_481    STX_VE_481    Syntax      ../../rtl/CORDIC/cordic_block.sv    127     1000    Syntax error near ( = )
[8D]     STX_VE_479    STX_VE_479    Syntax      ../../rtl/CORDIC/cordic_block.sv    128     1000    Syntax error near ( ] ). Please use 'set_option enableSV yes' to support SystemVerilog construct ( C-style unpacked dimension )
[8E]     STX_VE_481    STX_VE_481    Syntax      ../../rtl/CORDIC/cordic_block.sv    128     1000    Syntax error near ( = )
[8F]     STX_VE_479    STX_VE_479    Syntax      ../../rtl/CORDIC/cordic_block.sv    129     1000    Syntax error near ( ] ). Please use 'set_option enableSV yes' to support SystemVerilog construct ( C-style unpacked dimension )
[90]     STX_VE_481    STX_VE_481    Syntax      ../../rtl/CORDIC/cordic_block.sv    129     1000    Syntax error near ( = )
[91]     STX_VE_479    STX_VE_479    Syntax      ../../rtl/CORDIC/cordic_block.sv    132     1000    Syntax error near ( ] ). Please use 'set_option enableSV yes' to support SystemVerilog construct ( C-style unpacked dimension )
[92]     STX_VE_481    STX_VE_481    Syntax      ../../rtl/CORDIC/cordic_block.sv    132     1000    Syntax error near ( = )
[93]     STX_VE_479    STX_VE_479    Syntax      ../../rtl/CORDIC/cordic_block.sv    133     1000    Syntax error near ( ] ). Please use 'set_option enableSV yes' to support SystemVerilog construct ( C-style unpacked dimension )
[94]     STX_VE_481    STX_VE_481    Syntax      ../../rtl/CORDIC/cordic_block.sv    133     1000    Syntax error near ( = )
[95]     STX_VE_479    STX_VE_479    Syntax      ../../rtl/CORDIC/cordic_block.sv    134     1000    Syntax error near ( ] ). Please use 'set_option enableSV yes' to support SystemVerilog construct ( C-style unpacked dimension )
[96]     STX_VE_481    STX_VE_481    Syntax      ../../rtl/CORDIC/cordic_block.sv    134     1000    Syntax error near ( = )
[97]     STX_VE_479    STX_VE_479    Syntax      ../../rtl/CORDIC/cordic_block.sv    135     1000    Syntax error near ( ] ). Please use 'set_option enableSV yes' to support SystemVerilog construct ( C-style unpacked dimension )
[98]     STX_VE_481    STX_VE_481    Syntax      ../../rtl/CORDIC/cordic_block.sv    135     1000    Syntax error near ( = )
[99]     STX_VE_479    STX_VE_479    Syntax      ../../rtl/CORDIC/cordic_block.sv    136     1000    Syntax error near ( ] ). Please use 'set_option enableSV yes' to support SystemVerilog construct ( C-style unpacked dimension )
[9A]     STX_VE_481    STX_VE_481    Syntax      ../../rtl/CORDIC/cordic_block.sv    136     1000    Syntax error near ( = )
[9B]     STX_VE_479    STX_VE_479    Syntax      ../../rtl/CORDIC/cordic_block.sv    137     1000    Syntax error near ( ] ). Please use 'set_option enableSV yes' to support SystemVerilog construct ( C-style unpacked dimension )
[9C]     STX_VE_481    STX_VE_481    Syntax      ../../rtl/CORDIC/cordic_block.sv    137     1000    Syntax error near ( = )
[9D]     STX_VE_479    STX_VE_479    Syntax      ../../rtl/CORDIC/cordic_block.sv    139     1000    Syntax error near ( ] ). Please use 'set_option enableSV yes' to support SystemVerilog construct ( C-style unpacked dimension )
[9E]     STX_VE_481    STX_VE_481    Syntax      ../../rtl/CORDIC/cordic_block.sv    139     1000    Syntax error near ( = )
[9F]     STX_VE_479    STX_VE_479    Syntax      ../../rtl/CORDIC/cordic_block.sv    140     1000    Syntax error near ( ] ). Please use 'set_option enableSV yes' to support SystemVerilog construct ( C-style unpacked dimension )
[A0]     STX_VE_481    STX_VE_481    Syntax      ../../rtl/CORDIC/cordic_block.sv    140     1000    Syntax error near ( = )
[A1]     STX_VE_479    STX_VE_479    Syntax      ../../rtl/CORDIC/cordic_block.sv    141     1000    Syntax error near ( ] ). Please use 'set_option enableSV yes' to support SystemVerilog construct ( C-style unpacked dimension )
[A2]     STX_VE_481    STX_VE_481    Syntax      ../../rtl/CORDIC/cordic_block.sv    141     1000    Syntax error near ( = )
[A3]     STX_VE_479    STX_VE_479    Syntax      ../../rtl/CORDIC/cordic_block.sv    142     1000    Syntax error near ( ] ). Please use 'set_option enableSV yes' to support SystemVerilog construct ( C-style unpacked dimension )
[A4]     STX_VE_481    STX_VE_481    Syntax      ../../rtl/CORDIC/cordic_block.sv    142     1000    Syntax error near ( = )
[A5]     STX_VE_479    STX_VE_479    Syntax      ../../rtl/CORDIC/cordic_block.sv    143     1000    Syntax error near ( ] ). Please use 'set_option enableSV yes' to support SystemVerilog construct ( C-style unpacked dimension )
[A6]     STX_VE_481    STX_VE_481    Syntax      ../../rtl/CORDIC/cordic_block.sv    143     1000    Syntax error near ( = )
[A7]     STX_VE_479    STX_VE_479    Syntax      ../../rtl/CORDIC/cordic_block.sv    144     1000    Syntax error near ( ] ). Please use 'set_option enableSV yes' to support SystemVerilog construct ( C-style unpacked dimension )
[A8]     STX_VE_481    STX_VE_481    Syntax      ../../rtl/CORDIC/cordic_block.sv    144     1000    Syntax error near ( = )
[A9]     STX_VE_810    STX_VE_810    Syntax      ../../rtl/CORDIC/cordic_block.sv    149     1000    Non-constant expression ( present_I_table ) specified where only constant expressions are allowed
[AA]     STX_VE_810    STX_VE_810    Syntax      ../../rtl/CORDIC/cordic_block.sv    149     1000    Non-constant expression ( (present_I_table[0][7]==1'b1) ) specified where only constant expressions are allowed
[AB]     STX_VE_479    STX_VE_479    Syntax      ../../rtl/CORDIC/cordic_block.sv    149     1000    Syntax error near ( ) ). Please use 'set_option enableSV yes' to support SystemVerilog construct ( Generate if outside generate/endgenerate )
[AC]     STX_VE_479    STX_VE_479    Syntax      ../../rtl/CORDIC/cordic_block.sv    150     1000    Syntax error near ( ] ). Please use 'set_option enableSV yes' to support SystemVerilog construct ( C-style unpacked dimension )
[AD]     STX_VE_481    STX_VE_481    Syntax      ../../rtl/CORDIC/cordic_block.sv    150     1000    Syntax error near ( = )
[AE]     STX_VE_479    STX_VE_479    Syntax      ../../rtl/CORDIC/cordic_block.sv    151     1000    Syntax error near ( ] ). Please use 'set_option enableSV yes' to support SystemVerilog construct ( C-style unpacked dimension )
[AF]     STX_VE_481    STX_VE_481    Syntax      ../../rtl/CORDIC/cordic_block.sv    151     1000    Syntax error near ( = )
[B0]     STX_VE_810    STX_VE_810    Syntax      ../../rtl/CORDIC/cordic_block.sv    152     1000    Non-constant expression ( present_Q_table ) specified where only constant expressions are allowed
[B1]     STX_VE_810    STX_VE_810    Syntax      ../../rtl/CORDIC/cordic_block.sv    152     1000    Non-constant expression ( (present_Q_table[0][7]==1'b0) ) specified where only constant expressions are allowed
[B2]     STX_VE_479    STX_VE_479    Syntax      ../../rtl/CORDIC/cordic_block.sv    152     1000    Syntax error near ( ) ). Please use 'set_option enableSV yes' to support SystemVerilog construct ( Generate if outside generate/endgenerate )
[B3]     STX_VE_479    STX_VE_479    Syntax      ../../rtl/CORDIC/cordic_block.sv    153     1000    Syntax error near ( ] ). Please use 'set_option enableSV yes' to support SystemVerilog construct ( C-style unpacked dimension )
[B4]     STX_VE_481    STX_VE_481    Syntax      ../../rtl/CORDIC/cordic_block.sv    153     1000    Syntax error near ( = )
[B5]     STX_VE_479    STX_VE_479    Syntax      ../../rtl/CORDIC/cordic_block.sv    159     1000    Syntax error near ( ] ). Please use 'set_option enableSV yes' to support SystemVerilog construct ( C-style unpacked dimension )
[B6]     STX_VE_481    STX_VE_481    Syntax      ../../rtl/CORDIC/cordic_block.sv    159     1000    Syntax error near ( = )
[B7]     STX_VE_810    STX_VE_810    Syntax      ../../rtl/CORDIC/cordic_block.sv    152     1000    Non-constant expression ( present_Q_table ) specified where only constant expressions are allowed
[B8]     STX_VE_810    STX_VE_810    Syntax      ../../rtl/CORDIC/cordic_block.sv    160     1000    Non-constant expression ( (present_Q_table[0]==8'b00000000) ) specified where only constant expressions are allowed
[B9]     STX_VE_479    STX_VE_479    Syntax      ../../rtl/CORDIC/cordic_block.sv    160     1000    Syntax error near ( ) ). Please use 'set_option enableSV yes' to support SystemVerilog construct ( Generate if outside generate/endgenerate )
[BA]     STX_VE_479    STX_VE_479    Syntax      ../../rtl/CORDIC/cordic_block.sv    161     1000    Syntax error near ( ] ). Please use 'set_option enableSV yes' to support SystemVerilog construct ( C-style unpacked dimension )
[BB]     STX_VE_481    STX_VE_481    Syntax      ../../rtl/CORDIC/cordic_block.sv    161     1000    Syntax error near ( = )
[BC]     STX_VE_479    STX_VE_479    Syntax      ../../rtl/CORDIC/cordic_block.sv    178     1000    Syntax error near ( ] ). Please use 'set_option enableSV yes' to support SystemVerilog construct ( C-style unpacked dimension )
[BD]     STX_VE_481    STX_VE_481    Syntax      ../../rtl/CORDIC/cordic_block.sv    178     1000    Syntax error near ( = )
[BE]     STX_VE_479    STX_VE_479    Syntax      ../../rtl/CORDIC/cordic_block.sv    179     1000    Syntax error near ( ] ). Please use 'set_option enableSV yes' to support SystemVerilog construct ( C-style unpacked dimension )
[BF]     STX_VE_481    STX_VE_481    Syntax      ../../rtl/CORDIC/cordic_block.sv    179     1000    Syntax error near ( = )
[C0]     STX_VE_479    STX_VE_479    Syntax      ../../rtl/CORDIC/cordic_block.sv    183     1000    Syntax error near ( ] ). Please use 'set_option enableSV yes' to support SystemVerilog construct ( C-style unpacked dimension )
[C1]     STX_VE_481    STX_VE_481    Syntax      ../../rtl/CORDIC/cordic_block.sv    183     1000    Syntax error near ( = )
[C2]     STX_VE_479    STX_VE_479    Syntax      ../../rtl/CORDIC/cordic_block.sv    184     1000    Syntax error near ( ] ). Please use 'set_option enableSV yes' to support SystemVerilog construct ( C-style unpacked dimension )
[C3]     STX_VE_481    STX_VE_481    Syntax      ../../rtl/CORDIC/cordic_block.sv    184     1000    Syntax error near ( = )
[C4]     STX_VE_479    STX_VE_479    Syntax      ../../rtl/CORDIC/cordic_block.sv    190     1000    Syntax error near ( ] ). Please use 'set_option enableSV yes' to support SystemVerilog construct ( C-style unpacked dimension )
[C5]     STX_VE_481    STX_VE_481    Syntax      ../../rtl/CORDIC/cordic_block.sv    190     1000    Syntax error near ( = )
[C6]     STX_VE_479    STX_VE_479    Syntax      ../../rtl/CORDIC/cordic_block.sv    191     1000    Syntax error near ( ] ). Please use 'set_option enableSV yes' to support SystemVerilog construct ( C-style unpacked dimension )
[C7]     STX_VE_481    STX_VE_481    Syntax      ../../rtl/CORDIC/cordic_block.sv    191     1000    Syntax error near ( = )
+++++++++++++++++++++++++++++++++++++++++++++++++++++++++++++++++++++++++++++++++++++++


############### BuiltIn -> RuleGroup=Design Read ###############
+++++++++++++++++++++++++++++++++++++++++++++++++++++++++++++++++++++++++++++++++++++++
ID       Rule         Alias        Severity    File           Line    Wt      Message
======================================================================================
[C8]     INFO_1017    INFO_1017    Info        (null file)    0       1000    Maximum permissible error count of 200 exceeded. Analysis terminated
+++++++++++++++++++++++++++++++++++++++++++++++++++++++++++++++++++++++++++++++++++++++
