
################################################################################
#
# This file has been generated by SpyGlass:
#     Report Name      : no_msg_reporting_rules
#     Report Created by: xph2app103
#     Report Created on:  Thu Jun  2 17:22:49 2022
#     Working Directory: /tp/xph2app/xph2app103/zigbee_project_2/simu/wrapper_DEMOD_CORDIC_CDR_EI
#     SpyGlass Version : 5.6.0
#     Policy Name      : SpyGlass(5.6.0)
#
#     Total Number of Generated Messages :          2
#     Number of Waived Messages          :          0
#     Number of Reported Messages        :          2
#     Number of Overlimit Messages       :          0
#
#
################################################################################

NO VIOLATION RULE REPORT :
++++++++++++++++++++++++++++++++++++++++++++++++++++++++++++++++++++++++++++++++

Following rules did not produce any violation or waived off during spyglass run

++++++++++++++++++++++++++++++++++++++++++++++++++++++++++++++++++++++++++++++++


================================================================================
	INDEX                                   RULE-NAME
================================================================================
	1                                  ZeroSizeFile
================================================================================
