################################################################################
#
# This file has been generated by SpyGlass:
#     Report Created by: xph2app103
#     Report Created on: Thu Jun  2 17:22:49 2022
#     Working Directory: /tp/xph2app/xph2app103/zigbee_project_2/simu/wrapper_DEMOD_CORDIC_CDR_EI
#     Report Location  : ./spyglass-1/Design_Read/spyglass_reports/SpyGlass/elab_summary.rpt
#     SpyGlass Version : 5.6.0
#     Policy Name      : SpyGlass(5.6.0)
#     Comment          : This report contains RTL and Elaborated names along with parameter values
#
################################################################################

================================================================================
Elaborated Name: 'decoder_top'
    (RTL Design Unit name: 'decoder_top', ../../rtl/DECODER/decoder_top.sv:1)
     Parameters (Total: 0)
     Instances (Total: 1): decoder_cordic_cdr_ei.decoder_top 

================================================================================

Elaborated Name: 'iq_demod'
    (RTL Design Unit name: 'iq_demod', ../../rtl/DECODER/iq_demod.sv:1)
     Parameters (Total: 0)
     Instances (Total: 1): decoder_cordic_cdr_ei.decoder_top.iq_demod 

================================================================================

Elaborated Name: 'cossin_gen'
    (RTL Design Unit name: 'cossin_gen', ../../rtl/DECODER/cossin_gen.sv:1)
     Parameters (Total: 1)
         cos_val = 36976 (default: {(-4'd7) ,4'd0 ,4'd7 ,4'd0})
     Instances (Total: 1): decoder_cordic_cdr_ei.decoder_top.iq_demod.cossin_dig 

================================================================================

Elaborated Name: 'fir_filter'
    (RTL Design Unit name: 'fir_filter', ../../rtl/DECODER/fir_filter.sv:1)
     Parameters (Total: 1)
         rom_code = 1056177802089 (default: {8'hF5 ,8'hE9 ,8'h1A ,8'h4B ,8'h69})
     Instances (Total: 1): decoder_cordic_cdr_ei.decoder_top.fir_filter 

================================================================================

Elaborated Name: 'system'
    (RTL Design Unit name: 'system', ../../rtl/CORDIC/system.sv:1)
     Parameters (Total: 0)
     Instances (Total: 1): decoder_cordic_cdr_ei.my_system 

================================================================================

Elaborated Name: 'cordic_block'
    (RTL Design Unit name: 'cordic_block', ../../rtl/CORDIC/cordic_block.sv:1)
     Parameters (Total: 0)
     Instances (Total: 1): decoder_cordic_cdr_ei.my_system.mycordic 

================================================================================

Elaborated Name: 'rotation'
    (RTL Design Unit name: 'rotation', ../../rtl/CORDIC/rotation.sv:1)
     Parameters (Total: 0)
     Instances (Total: 1): decoder_cordic_cdr_ei.my_system.my_rotation 

================================================================================

Elaborated Name: 'cdr'
    (RTL Design Unit name: 'cdr', ../../rtl/CDR/cdr.sv:1)
     Parameters (Total: 0)
     Instances (Total: 1): decoder_cordic_cdr_ei.cdr 

================================================================================

Elaborated Name: 'phase_detector'
    (RTL Design Unit name: 'phase_detector', ../../rtl/CDR/phase_detector.sv:1)
     Parameters (Total: 0)
     Instances (Total: 1): decoder_cordic_cdr_ei.cdr.phd1 

================================================================================

Elaborated Name: 'counter'
    (RTL Design Unit name: 'counter', ../../rtl/CDR/counter.sv:1)
     Parameters (Total: 0)
     Instances (Total: 2): decoder_cordic_cdr_ei.cdr.div1.cnt_div, decoder_cordic_cdr_ei.cdr.phd1.cnt_phd 

================================================================================

Elaborated Name: 'ffd'
    (RTL Design Unit name: 'ffd', ../../rtl/CDR/ffd.sv:1)
     Parameters (Total: 0)
     Instances (Total: 6): decoder_cordic_cdr_ei.cdr.dec.f_clk, decoder_cordic_cdr_ei.cdr.dec.ffd_retard, decoder_cordic_cdr_ei.cdr.phd1.f4, decoder_cordic_cdr_ei.cdr.phd1.f3, decoder_cordic_cdr_ei.cdr.phd1.f2  ... more

================================================================================

Elaborated Name: 'div'
    (RTL Design Unit name: 'div', ../../rtl/CDR/divN.sv:1)
     Parameters (Total: 0)
     Instances (Total: 1): decoder_cordic_cdr_ei.cdr.div1 

================================================================================

Elaborated Name: 'decision'
    (RTL Design Unit name: 'decision', ../../rtl/CDR/decision.sv:2)
     Parameters (Total: 0)
     Instances (Total: 1): decoder_cordic_cdr_ei.cdr.dec 

================================================================================

Elaborated Name: 'counter_decision'
    (RTL Design Unit name: 'counter_decision', ../../rtl/CDR/counter_decision.sv:1)
     Parameters (Total: 0)
     Instances (Total: 1): decoder_cordic_cdr_ei.cdr.dec.cnt_dec 

================================================================================

Elaborated Name: 'outFIFO'
    (RTL Design Unit name: 'outFIFO', ../../rtl/EI/outFIFO.debug.sv:21)
     Parameters (Total: 7)
         DATA_SIZE_BIT       = 2 (default: 2)
         DATA_WIDTH          = 4 (default: (2 ** DATA_SIZE_BIT))
         FIFO_SIZE_BIT       = 7 (default: 7)
         FIFO_WIDTH          = 128 (default: (2 ** FIFO_SIZE_BIT))
         ALMOST_EMPTY_OFFSET = 32 (default: (FIFO_WIDTH / 4))
         ALMOST_FULL_OFFSET  = 96 (default: ((3 * FIFO_WIDTH) / 4))
         FIFO_reset          = 0 (default: '0)
     Instances (Total: 1): decoder_cordic_cdr_ei.u_fifo 

================================================================================

Elaborated Name: 'OS'
    (RTL Design Unit name: 'OS', ../../rtl/EI/OS.sv:19)
     Parameters (Total: 0)
     Instances (Total: 2): decoder_cordic_cdr_ei.u_fifo.os2, decoder_cordic_cdr_ei.u_fifo.os1 

================================================================================

Elaborated Name: 'DFF'
    (RTL Design Unit name: 'DFF', ../../rtl/EI/DFF.sv:18)
     Parameters (Total: 0)
     Instances (Total: 4): decoder_cordic_cdr_ei.u_fifo.os2.dff2, decoder_cordic_cdr_ei.u_fifo.os2.dff1, decoder_cordic_cdr_ei.u_fifo.os1.dff2, decoder_cordic_cdr_ei.u_fifo.os1.dff1 

================================================================================

Elaborated Name: 'decoder_cordic_cdr_ei'
    (RTL Design Unit name: 'decoder_cordic_cdr_ei', ../../rtl/wrapper/zigbee_RX.sv:1)
     Parameters (Total: 4)
         DATA_SIZE_BIT = 2 (default: 2)
         DATA_WIDTH    = 4 (default: (2 ** DATA_SIZE_BIT))
         FIFO_SIZE_BIT = 7 (default: 7)
         FIFO_WIDTH    = 128 (default: (2 ** FIFO_SIZE_BIT))
================================================================================
