\o Program:		@(#)$CDS: libManager version 6.1.6 - CAT33 11/05/2015 10:33 (sjfql586) $
\o Sub version:		sub-version  s019 
\o Arguments:		-mpssession virtuoso10479 -mpshost cimeld36.cime.inpg.fr 
\o Working Directory:	cimeld36.cime.inpg.fr:/tp/xph2app/xph2app104/projet_Numerique/zigbee_project_2/implem/pnr/CDS_megi
\o 64-bit offsets
\o Qt version: 		4.7.2
\o Log file is "/tp/xph2app/xph2app104/projet_Numerique/zigbee_project_2/implem/pnr/CDS_megi/libManager.log".
\o Opening libManager window.
\a nrSetCurrentWindow(cdsLibManager)
\a nrResizeWindow(cdsLibManager list(949 188 804 776))
\o changeWorkingDir("/tp/xph2app/xph2app104/projet_Numerique/zigbee_project_2/implem/pnr/CDS_megi") unnecessary.
\o ddSetForcedLib("") unnecessary.
\o MPS service: map window
\o Library Manager customization server connected.
\a nrSetCurrentWindow(cdsLibManager)
\a nrSetCurrentWindow(cdsLibManager)
\a nrSetCurrentWindow(cdsLibManager)
\a nrSetCurrentWindow(cdsLibManager)
\a nrSetCurrentWindow(cdsLibManager)
\a nrSetCurrentWindow(cdsLibManager)
\a cdsLibManager->libListBox->value = "test_drc"
\a cdsLibManager->libLineEdit->value = "test_drc"
\a cdsLibManager->cellListBox->value = "msk_modulator_io"
\a cdsLibManager->viewListBox->value = "layout"
\a cdsLibManager->viewLineEdit->value = "layout"
\a cdsLibManager->cellLineEdit->value = "msk_modulator_io"
\a cdsLibManager->viewListBox->value = nil
\a cdsLibManager->viewListBox->value = "layout"
\o MPS request: edit design
\a nrListItemAction(cdsLibManager->gdmXTView 0 6)
\a nrSetCurrentWindow(cdsLibManager)
\a nrSetCurrentWindow(cdsLibManager)
\a cdsLibManager->libListBox->value = nil
\a cdsLibManager->cellListBox->value = nil
\a cdsLibManager->viewLineEdit->value = ""
\a cdsLibManager->viewListBox->value = nil
\a cdsLibManager->cellLineEdit->value = ""
\a cdsLibManager->libLineEdit->value = ""
\a cdsLibManager->libListBox->value = "test_drc"
\a cdsLibManager->libLineEdit->value = "test_drc"
\a cdsLibManager->cellListBox->value = "msk_modulator_io"
\a cdsLibManager->cellLineEdit->value = "msk_modulator_io"
\a cdsLibManager->viewListBox->value = "layout"
\a cdsLibManager->viewLineEdit->value = "layout"
\a cdsLibManager->viewLineEdit->value = ""
\a cdsLibManager->viewListBox->value = nil
\a cdsLibManager->viewListBox->value = "layout"
\a cdsLibManager->viewLineEdit->value = "layout"
\a nrSetCurrentWindow(cdsLibManager)
\a nrSetCurrentWindow(cdsLibManager)
\a nrSetCurrentWindow(cdsLibManager)
\a nrSetCurrentWindow(cdsLibManager)
\a nrSetCurrentWindow(cdsLibManager)
\a nrSetCurrentWindow(cdsLibManager)
\a nrSetCurrentWindow(cdsLibManager)
\a cdsLibManager->viewListBox->value = nil
\a cdsLibManager->viewListBox->value = "layout"
\o MPS request: edit design
\a nrListItemAction(cdsLibManager->gdmXTView 0 0)
\a nrSetCurrentWindow(cdsLibManager)
\a nrSetCurrentWindow(cdsLibManager)
\a nrResizeWindow(cdsLibManager list(43 160 804 776))
\a nrSetCurrentWindow(cdsLibManager)
